This file contains any messages produced by compilers while
running configure, to aid debugging if configure makes a mistake.

It was created by configure, which was
generated by GNU Autoconf 2.69.  Invocation command line was

  $ ./configure --disable-unit-tests --no-create --no-recursion

## --------- ##
## Platform. ##
## --------- ##

hostname = hacks-Mac-mini.local
uname -m = x86_64
uname -r = 21.4.0
uname -s = Darwin
uname -v = Darwin Kernel Version 21.4.0: Fri Mar 18 00:45:05 PDT 2022; root:xnu-8020.101.4~15/RELEASE_X86_64

/usr/bin/uname -p = i386
/bin/uname -X     = unknown

/bin/arch              = unknown
/usr/bin/arch -k       = unknown
/usr/convex/getsysinfo = unknown
/usr/bin/hostinfo      = Mach kernel version:
	 Darwin Kernel Version 21.4.0: Fri Mar 18 00:45:05 PDT 2022; root:xnu-8020.101.4~15/RELEASE_X86_64
Kernel configured for up to 4 processors.
2 processors are physically available.
4 processors are logically available.
Processor type: x86_64h (Intel x86-64h Haswell)
Processors active: 0 1 2 3
Primary memory available: 8.00 gigabytes
Default processor set: 459 tasks, 2104 threads, 4 processors
Load average: 8.15, Mach factor: 0.57
/bin/machine           = unknown
/usr/bin/oslevel       = unknown
/bin/universe          = unknown

PATH: /Users/hack/.pyenv/plugins/pyenv-virtualenv/shims
PATH: /Users/hack/.pyenv/shims
PATH: /usr/local/bin
PATH: /usr/bin
PATH: /bin
PATH: /usr/sbin
PATH: /sbin
PATH: /Applications/VMware Fusion.app/Contents/Public
PATH: /Library/Apple/usr/bin
PATH: /Users/hack/flutter/bin


## ----------- ##
## Core tests. ##
## ----------- ##

configure:2352: checking build system type
configure:2366: result: x86_64-apple-darwin21.4.0
configure:2413: checking host system type
configure:2426: result: x86_64-apple-darwin21.4.0
configure:2446: checking target system type
configure:2459: result: x86_64-apple-darwin21.4.0
configure:2513: checking for a BSD-compatible install
configure:2581: result: /usr/bin/install -c
configure:2592: checking whether ln works
configure:2614: result: yes
configure:2618: checking whether ln -s works
configure:2622: result: yes
configure:2629: checking for a sed that does not truncate output
configure:2693: result: /usr/bin/sed
configure:2702: checking for gawk
configure:2729: result: awk
configure:4065: checking for gcc
configure:4081: found /usr/bin/gcc
configure:4092: result: gcc
configure:4321: checking for C compiler version
configure:4330: gcc --version >&5
Apple clang version 13.1.6 (clang-1316.0.21.2.5)
Target: x86_64-apple-darwin21.4.0
Thread model: posix
InstalledDir: /Applications/Xcode.app/Contents/Developer/Toolchains/XcodeDefault.xctoolchain/usr/bin
configure:4341: $? = 0
configure:4330: gcc -v >&5
Apple clang version 13.1.6 (clang-1316.0.21.2.5)
Target: x86_64-apple-darwin21.4.0
Thread model: posix
InstalledDir: /Applications/Xcode.app/Contents/Developer/Toolchains/XcodeDefault.xctoolchain/usr/bin
configure:4341: $? = 0
configure:4330: gcc -V >&5
clang: error: argument to '-V' is missing (expected 1 value)
clang: error: no input files
configure:4341: $? = 1
configure:4330: gcc -qversion >&5
clang: error: unknown argument '-qversion'; did you mean '--version'?
clang: error: no input files
configure:4341: $? = 1
configure:4361: checking whether the C compiler works
configure:4383: gcc    conftest.c  >&5
configure:4387: $? = 0
configure:4435: result: yes
configure:4438: checking for C compiler default output file name
configure:4440: result: a.out
configure:4446: checking for suffix of executables
configure:4453: gcc -o conftest    conftest.c  >&5
configure:4457: $? = 0
configure:4479: result: 
configure:4501: checking whether we are cross compiling
configure:4509: gcc -o conftest    conftest.c  >&5
configure:4513: $? = 0
configure:4520: ./conftest
configure:4524: $? = 0
configure:4539: result: no
configure:4544: checking for suffix of object files
configure:4566: gcc -c   conftest.c >&5
configure:4570: $? = 0
configure:4591: result: o
configure:4595: checking whether we are using the GNU C compiler
configure:4614: gcc -c   conftest.c >&5
configure:4614: $? = 0
configure:4623: result: yes
configure:4632: checking whether gcc accepts -g
configure:4652: gcc -c -g  conftest.c >&5
configure:4652: $? = 0
configure:4693: result: yes
configure:4710: checking for gcc option to accept ISO C89
configure:4773: gcc  -c -g -O2  conftest.c >&5
configure:4773: $? = 0
configure:4786: result: none needed
configure:4806: checking for gcc option to accept ISO C99
configure:4955: gcc  -c -g -O2  conftest.c >&5
configure:4955: $? = 0
configure:4968: result: none needed
configure:5041: checking for g++
configure:5057: found /usr/bin/g++
configure:5068: result: g++
configure:5095: checking for C++ compiler version
configure:5104: g++ --version >&5
Apple clang version 13.1.6 (clang-1316.0.21.2.5)
Target: x86_64-apple-darwin21.4.0
Thread model: posix
InstalledDir: /Applications/Xcode.app/Contents/Developer/Toolchains/XcodeDefault.xctoolchain/usr/bin
configure:5115: $? = 0
configure:5104: g++ -v >&5
Apple clang version 13.1.6 (clang-1316.0.21.2.5)
Target: x86_64-apple-darwin21.4.0
Thread model: posix
InstalledDir: /Applications/Xcode.app/Contents/Developer/Toolchains/XcodeDefault.xctoolchain/usr/bin
configure:5115: $? = 0
configure:5104: g++ -V >&5
clang: error: argument to '-V' is missing (expected 1 value)
clang: error: no input files
configure:5115: $? = 1
configure:5104: g++ -qversion >&5
clang: error: unknown argument '-qversion'; did you mean '--version'?
clang: error: no input files
configure:5115: $? = 1
configure:5119: checking whether we are using the GNU C++ compiler
configure:5138: g++ -c   conftest.cpp >&5
configure:5138: $? = 0
configure:5147: result: yes
configure:5156: checking whether g++ accepts -g
configure:5176: g++ -c -g  conftest.cpp >&5
configure:5176: $? = 0
configure:5217: result: yes
configure:5266: checking whether g++ accepts -static-libstdc++ -static-libgcc
configure:5283: g++ -o conftest -g -O2   -static-libstdc++ -static-libgcc conftest.cpp  >&5
clang: error: unsupported option '-static-libgcc'
configure:5283: $? = 1
configure: failed program was:
| /* confdefs.h */
| #define PACKAGE_NAME ""
| #define PACKAGE_TARNAME ""
| #define PACKAGE_VERSION ""
| #define PACKAGE_STRING ""
| #define PACKAGE_BUGREPORT ""
| #define PACKAGE_URL ""
| /* end confdefs.h.  */
| 
| #if (__GNUC__ < 4) || (__GNUC__ == 4 && __GNUC_MINOR__ < 5)
| #error -static-libstdc++ not implemented
| #endif
| int main() {}
configure:5287: result: no
configure:5348: checking for gnatbind
configure:5375: result: no
configure:5440: checking for gnatmake
configure:5467: result: no
configure:5489: checking whether compiler driver understands Ada
configure:5512: result: no
configure:5521: checking how to compare bootstrapped objects
configure:5546: result: cmp --ignore-initial=16 $$f1 $$f2
configure:5691: checking for objdir
configure:5706: result: .libs
configure:6271: checking for isl 0.15 or later
configure:6284: gcc -o conftest -g -O2      -lisl -lmpc -lmpfr -lgmp conftest.c  -lisl -lgmp >&5
conftest.c:10:10: fatal error: 'isl/schedule.h' file not found
#include <isl/schedule.h>
         ^~~~~~~~~~~~~~~~
1 error generated.
configure:6284: $? = 1
configure: failed program was:
| /* confdefs.h */
| #define PACKAGE_NAME ""
| #define PACKAGE_TARNAME ""
| #define PACKAGE_VERSION ""
| #define PACKAGE_STRING ""
| #define PACKAGE_BUGREPORT ""
| #define PACKAGE_URL ""
| #define LT_OBJDIR ".libs/"
| /* end confdefs.h.  */
| #include <isl/schedule.h>
| int
| main ()
| {
| isl_options_set_schedule_serialize_sccs (NULL, 0);
|   ;
|   return 0;
| }
configure:6291: result: no
configure:6295: result: required isl version is 0.15 or later
configure:7398: checking for default BUILD_CONFIG
configure:7430: result: 
configure:7435: checking for --enable-vtable-verify
configure:7448: result: no
configure:8069: checking for bison
configure:8096: result: bison -y
configure:8116: checking for bison
configure:8143: result: bison
configure:8163: checking for gm4
configure:8190: result: gm4
configure:8210: checking for flex
configure:8237: result: flex
configure:8258: checking for flex
configure:8285: result: flex
configure:8305: checking for makeinfo
configure:8332: result: makeinfo --split-size=5000000
configure:8366: checking for expect
configure:8393: result: expect
configure:8415: checking for runtest
configure:8442: result: runtest
configure:8560: checking for ar
configure:8576: found /usr/bin/ar
configure:8587: result: ar
configure:8701: checking for as
configure:8717: found /usr/bin/as
configure:8728: result: as
configure:8842: checking for dlltool
configure:8872: result: no
configure:8902: checking for ld
configure:8929: result: /Applications/Xcode.app/Contents/Developer/Toolchains/XcodeDefault.xctoolchain/usr/bin/ld
configure:9124: checking for lipo
configure:9140: found /usr/bin/lipo
configure:9151: result: lipo
configure:9265: checking for nm
configure:9281: found /usr/bin/nm
configure:9292: result: nm
configure:9406: checking for ranlib
configure:9422: found /usr/bin/ranlib
configure:9433: result: ranlib
configure:9542: checking for strip
configure:9558: found /usr/bin/strip
configure:9569: result: strip
configure:9678: checking for windres
configure:9708: result: no
configure:9819: checking for windmc
configure:9849: result: no
configure:9960: checking for objcopy
configure:9990: result: no
configure:10101: checking for objdump
configure:10117: found /usr/bin/objdump
configure:10128: result: objdump
configure:10242: checking for readelf
configure:10272: result: no
configure:10295: checking for -plugin option
configure:10418: result: no
configure:10468: checking for cc
configure:10495: result: gcc
configure:10468: checking for gcc
configure:10495: result: gcc
configure:10629: checking for c++
configure:10656: result: g++
configure:10629: checking for g++
configure:10656: result: g++
configure:10629: checking for cxx
configure:10656: result: g++
configure:10629: checking for gxx
configure:10656: result: g++
configure:10849: checking for x86_64-apple-darwin21.4.0-gcc
configure:10879: result: no
configure:10888: checking for gcc
configure:10904: found /usr/bin/gcc
configure:10915: result: gcc
configure:11005: checking for x86_64-apple-darwin21.4.0-gfortran
configure:11035: result: no
configure:11044: checking for gfortran
configure:11074: result: no
configure:11166: checking for x86_64-apple-darwin21.4.0-gccgo
configure:11196: result: no
configure:11205: checking for gccgo
configure:11235: result: no
configure:11348: checking for ar
configure:11375: result: /Users/hack/binutils-2.38/./binutils/ar
configure:11578: checking for as
configure:11605: result: as
configure:11808: checking for dlltool
configure:11835: result: /Users/hack/binutils-2.38/./binutils/dlltool
configure:12038: checking for ld
configure:12065: result: /Applications/Xcode.app/Contents/Developer/Toolchains/XcodeDefault.xctoolchain/usr/bin/ld
configure:12268: checking for lipo
configure:12295: result: lipo
configure:12498: checking for nm
configure:12525: result: /Users/hack/binutils-2.38/./binutils/nm-new
configure:12728: checking for objcopy
configure:12755: result: /Users/hack/binutils-2.38/./binutils/objcopy
configure:12958: checking for objdump
configure:12985: result: /Users/hack/binutils-2.38/./binutils/objdump
configure:13188: checking for ranlib
configure:13215: result: /Users/hack/binutils-2.38/./binutils/ranlib
configure:13418: checking for readelf
configure:13445: result: /Users/hack/binutils-2.38/./binutils/readelf
configure:13648: checking for strip
configure:13675: result: /Users/hack/binutils-2.38/./binutils/strip-new
configure:13878: checking for windres
configure:13905: result: /Users/hack/binutils-2.38/./binutils/windres
configure:14108: checking for windmc
configure:14135: result: /Users/hack/binutils-2.38/./binutils/windmc
configure:14264: checking where to find the target ar
configure:14287: result: just compiled
configure:14306: checking where to find the target as
configure:14339: result: host tool
configure:14348: checking where to find the target cc
configure:14381: result: host tool
configure:14390: checking where to find the target c++
configure:14426: result: host tool
configure:14435: checking where to find the target c++ for libstdc++
configure:14471: result: host tool
configure:14480: checking where to find the target dlltool
configure:14503: result: just compiled
configure:14522: checking where to find the target gcc
configure:14555: result: host tool
configure:14564: checking where to find the target gfortran
configure:14600: result: host tool
configure:14609: checking where to find the target gccgo
configure:14645: result: host tool
configure:14654: checking where to find the target ld
configure:14682: result: pre-installed in /Applications/Xcode.app/Contents/Developer/Toolchains/XcodeDefault.xctoolchain/usr/bin
configure:14696: checking where to find the target lipo
configure:14718: result: host tool
configure:14727: checking where to find the target nm
configure:14750: result: just compiled
configure:14769: checking where to find the target objcopy
configure:14792: result: just compiled
configure:14811: checking where to find the target objdump
configure:14834: result: just compiled
configure:14853: checking where to find the target ranlib
configure:14876: result: just compiled
configure:14895: checking where to find the target readelf
configure:14918: result: just compiled
configure:14937: checking where to find the target strip
configure:14960: result: just compiled
configure:14979: checking where to find the target windres
configure:15002: result: just compiled
configure:15021: checking where to find the target windmc
configure:15044: result: just compiled
configure:15091: checking whether to enable maintainer-specific portions of Makefiles
configure:15100: result: no
configure:15343: creating ./config.status

## ---------------- ##
## Cache variables. ##
## ---------------- ##

ac_cv_build=x86_64-apple-darwin21.4.0
ac_cv_c_compiler_gnu=yes
ac_cv_cxx_compiler_gnu=yes
ac_cv_env_AR_FOR_TARGET_set=set
ac_cv_env_AR_FOR_TARGET_value=/Users/hack/binutils-2.38/./binutils/ar
ac_cv_env_AR_set=
ac_cv_env_AR_value=
ac_cv_env_AS_FOR_TARGET_set=set
ac_cv_env_AS_FOR_TARGET_value=as
ac_cv_env_AS_set=
ac_cv_env_AS_value=
ac_cv_env_CCC_set=
ac_cv_env_CCC_value=
ac_cv_env_CC_FOR_TARGET_set=set
ac_cv_env_CC_FOR_TARGET_value=gcc
ac_cv_env_CC_set=
ac_cv_env_CC_value=
ac_cv_env_CFLAGS_set=
ac_cv_env_CFLAGS_value=
ac_cv_env_CPPFLAGS_set=
ac_cv_env_CPPFLAGS_value=
ac_cv_env_CXXFLAGS_set=
ac_cv_env_CXXFLAGS_value=
ac_cv_env_CXX_FOR_TARGET_set=set
ac_cv_env_CXX_FOR_TARGET_value=g++
ac_cv_env_CXX_set=
ac_cv_env_CXX_value=
ac_cv_env_DLLTOOL_FOR_TARGET_set=set
ac_cv_env_DLLTOOL_FOR_TARGET_value=/Users/hack/binutils-2.38/./binutils/dlltool
ac_cv_env_DLLTOOL_set=
ac_cv_env_DLLTOOL_value=
ac_cv_env_GCC_FOR_TARGET_set=
ac_cv_env_GCC_FOR_TARGET_value=
ac_cv_env_GFORTRAN_FOR_TARGET_set=set
ac_cv_env_GFORTRAN_FOR_TARGET_value=
ac_cv_env_GOC_FOR_TARGET_set=set
ac_cv_env_GOC_FOR_TARGET_value=
ac_cv_env_LDFLAGS_set=set
ac_cv_env_LDFLAGS_value=
ac_cv_env_LD_FOR_TARGET_set=set
ac_cv_env_LD_FOR_TARGET_value=/Applications/Xcode.app/Contents/Developer/Toolchains/XcodeDefault.xctoolchain/usr/bin/ld
ac_cv_env_LD_set=
ac_cv_env_LD_value=
ac_cv_env_LIBS_set=
ac_cv_env_LIBS_value=
ac_cv_env_LIPO_FOR_TARGET_set=set
ac_cv_env_LIPO_FOR_TARGET_value=lipo
ac_cv_env_LIPO_set=
ac_cv_env_LIPO_value=
ac_cv_env_NM_FOR_TARGET_set=set
ac_cv_env_NM_FOR_TARGET_value=/Users/hack/binutils-2.38/./binutils/nm-new
ac_cv_env_NM_set=
ac_cv_env_NM_value=
ac_cv_env_OBJCOPY_FOR_TARGET_set=set
ac_cv_env_OBJCOPY_FOR_TARGET_value=/Users/hack/binutils-2.38/./binutils/objcopy
ac_cv_env_OBJCOPY_set=
ac_cv_env_OBJCOPY_value=
ac_cv_env_OBJDUMP_FOR_TARGET_set=set
ac_cv_env_OBJDUMP_FOR_TARGET_value=/Users/hack/binutils-2.38/./binutils/objdump
ac_cv_env_OBJDUMP_set=
ac_cv_env_OBJDUMP_value=
ac_cv_env_RANLIB_FOR_TARGET_set=set
ac_cv_env_RANLIB_FOR_TARGET_value=/Users/hack/binutils-2.38/./binutils/ranlib
ac_cv_env_RANLIB_set=
ac_cv_env_RANLIB_value=
ac_cv_env_READELF_FOR_TARGET_set=set
ac_cv_env_READELF_FOR_TARGET_value=/Users/hack/binutils-2.38/./binutils/readelf
ac_cv_env_READELF_set=
ac_cv_env_READELF_value=
ac_cv_env_STRIP_FOR_TARGET_set=set
ac_cv_env_STRIP_FOR_TARGET_value=/Users/hack/binutils-2.38/./binutils/strip-new
ac_cv_env_STRIP_set=
ac_cv_env_STRIP_value=
ac_cv_env_WINDMC_FOR_TARGET_set=set
ac_cv_env_WINDMC_FOR_TARGET_value=/Users/hack/binutils-2.38/./binutils/windmc
ac_cv_env_WINDMC_set=
ac_cv_env_WINDMC_value=
ac_cv_env_WINDRES_FOR_TARGET_set=set
ac_cv_env_WINDRES_FOR_TARGET_value=/Users/hack/binutils-2.38/./binutils/windres
ac_cv_env_WINDRES_set=
ac_cv_env_WINDRES_value=
ac_cv_env_build_alias_set=
ac_cv_env_build_alias_value=
ac_cv_env_build_configargs_set=
ac_cv_env_build_configargs_value=
ac_cv_env_host_alias_set=
ac_cv_env_host_alias_value=
ac_cv_env_host_configargs_set=
ac_cv_env_host_configargs_value=
ac_cv_env_target_alias_set=set
ac_cv_env_target_alias_value=x86_64-apple-darwin21.4.0
ac_cv_env_target_configargs_set=
ac_cv_env_target_configargs_value=
ac_cv_host=x86_64-apple-darwin21.4.0
ac_cv_objext=o
ac_cv_path_SED=/usr/bin/sed
ac_cv_prog_AR=ar
ac_cv_prog_AR_FOR_TARGET=/Users/hack/binutils-2.38/./binutils/ar
ac_cv_prog_AS=as
ac_cv_prog_AS_FOR_TARGET=as
ac_cv_prog_AWK=awk
ac_cv_prog_BISON=bison
ac_cv_prog_CC_FOR_TARGET=gcc
ac_cv_prog_CXX_FOR_TARGET=g++
ac_cv_prog_DLLTOOL_FOR_TARGET=/Users/hack/binutils-2.38/./binutils/dlltool
ac_cv_prog_EXPECT=expect
ac_cv_prog_FLEX=flex
ac_cv_prog_GCC_FOR_TARGET=gcc
ac_cv_prog_LD=/Applications/Xcode.app/Contents/Developer/Toolchains/XcodeDefault.xctoolchain/usr/bin/ld
ac_cv_prog_LD_FOR_TARGET=/Applications/Xcode.app/Contents/Developer/Toolchains/XcodeDefault.xctoolchain/usr/bin/ld
ac_cv_prog_LEX=flex
ac_cv_prog_LIPO=lipo
ac_cv_prog_LIPO_FOR_TARGET=lipo
ac_cv_prog_M4=gm4
ac_cv_prog_MAKEINFO='makeinfo --split-size=5000000'
ac_cv_prog_NM=nm
ac_cv_prog_NM_FOR_TARGET=/Users/hack/binutils-2.38/./binutils/nm-new
ac_cv_prog_OBJCOPY_FOR_TARGET=/Users/hack/binutils-2.38/./binutils/objcopy
ac_cv_prog_OBJDUMP=objdump
ac_cv_prog_OBJDUMP_FOR_TARGET=/Users/hack/binutils-2.38/./binutils/objdump
ac_cv_prog_RANLIB=ranlib
ac_cv_prog_RANLIB_FOR_TARGET=/Users/hack/binutils-2.38/./binutils/ranlib
ac_cv_prog_READELF_FOR_TARGET=/Users/hack/binutils-2.38/./binutils/readelf
ac_cv_prog_RUNTEST=runtest
ac_cv_prog_STRIP=strip
ac_cv_prog_STRIP_FOR_TARGET=/Users/hack/binutils-2.38/./binutils/strip-new
ac_cv_prog_WINDMC_FOR_TARGET=/Users/hack/binutils-2.38/./binutils/windmc
ac_cv_prog_WINDRES_FOR_TARGET=/Users/hack/binutils-2.38/./binutils/windres
ac_cv_prog_YACC='bison -y'
ac_cv_prog_ac_ct_CC=gcc
ac_cv_prog_ac_ct_CXX=g++
ac_cv_prog_ac_ct_GNATBIND=no
ac_cv_prog_ac_ct_GNATMAKE=no
ac_cv_prog_cc_c89=
ac_cv_prog_cc_c99=
ac_cv_prog_cc_g=yes
ac_cv_prog_cxx_g=yes
ac_cv_target=x86_64-apple-darwin21.4.0
acx_cv_cc_gcc_supports_ada=no
acx_cv_prog_LN=ln
gcc_cv_isl=no
gcc_cv_prog_cmp_skip='cmp --ignore-initial=16 $$f1 $$f2'
gcc_cv_tool_dirs=
gcc_cv_tool_prefix=/usr/local
lt_cv_objdir=.libs

## ----------------- ##
## Output variables. ##
## ----------------- ##

AR='ar'
AR_FOR_BUILD='$(AR)'
AR_FOR_TARGET='$$r/$(HOST_SUBDIR)/binutils/ar'
AR_PLUGIN_OPTION=''
AS='as'
AS_FOR_BUILD='$(AS)'
AS_FOR_TARGET='$(AS)'
AWK='awk'
BISON='bison'
BUILD_CONFIG=''
CC='gcc'
CC_FOR_BUILD='$(CC)'
CC_FOR_TARGET='$(CC)'
CFLAGS='-g -O2'
CFLAGS_FOR_BUILD='-g -O2'
CFLAGS_FOR_TARGET='-g -O2'
COMPILER_AS_FOR_TARGET='$(AS_FOR_TARGET)'
COMPILER_LD_FOR_TARGET='$(LD_FOR_TARGET)'
COMPILER_NM_FOR_TARGET='$(NM_FOR_TARGET)'
CONFIGURE_GDB_TK=''
CPPFLAGS=''
CXX='g++'
CXXFLAGS='-g -O2'
CXXFLAGS_FOR_BUILD='-g -O2'
CXXFLAGS_FOR_TARGET='-g -O2'
CXX_FOR_BUILD='$(CXX)'
CXX_FOR_TARGET='$(CXX)'
DEBUG_PREFIX_CFLAGS_FOR_TARGET=''
DEFS='-DPACKAGE_NAME=\"\" -DPACKAGE_TARNAME=\"\" -DPACKAGE_VERSION=\"\" -DPACKAGE_STRING=\"\" -DPACKAGE_BUGREPORT=\"\" -DPACKAGE_URL=\"\" -DLT_OBJDIR=\".libs/\"'
DLLTOOL='dlltool'
DLLTOOL_FOR_BUILD='$(DLLTOOL)'
DLLTOOL_FOR_TARGET='$$r/$(HOST_SUBDIR)/binutils/dlltool'
ECHO_C='\c'
ECHO_N=''
ECHO_T=''
EXEEXT=''
EXPECT='expect'
FLAGS_FOR_TARGET=''
FLEX='flex'
GCC_FOR_TARGET='$()'
GCC_SHLIB_SUBDIR=''
GDB_TK=''
GFORTRAN_FOR_BUILD='$(GFORTRAN)'
GFORTRAN_FOR_TARGET='$(GFORTRAN)'
GNATBIND='no'
GNATMAKE='no'
GOC_FOR_BUILD='$(GOC)'
GOC_FOR_TARGET='$(GOC)'
INSTALL_DATA='/usr/bin/install -c -m 644'
INSTALL_GDB_TK=''
INSTALL_PROGRAM='/usr/bin/install -c'
INSTALL_SCRIPT='/usr/bin/install -c'
LD='/Applications/Xcode.app/Contents/Developer/Toolchains/XcodeDefault.xctoolchain/usr/bin/ld'
LDFLAGS=''
LDFLAGS_FOR_BUILD=''
LDFLAGS_FOR_TARGET=''
LD_FOR_BUILD='$(LD)'
LD_FOR_TARGET='/Applications/Xcode.app/Contents/Developer/Toolchains/XcodeDefault.xctoolchain/usr/bin/ld'
LEX='flex'
LIBOBJS=''
LIBS=''
LIPO='lipo'
LIPO_FOR_TARGET='$(LIPO)'
LN='ln'
LN_S='ln -s'
LTLIBOBJS=''
M4='gm4'
MAINT='#'
MAINTAINER_MODE_FALSE=''
MAINTAINER_MODE_TRUE='#'
MAKEINFO='makeinfo --split-size=5000000'
NM='nm'
NM_FOR_BUILD='$(NM)'
NM_FOR_TARGET='$$r/$(HOST_SUBDIR)/binutils/nm-new'
OBJCOPY='objcopy'
OBJCOPY_FOR_TARGET='$$r/$(HOST_SUBDIR)/binutils/objcopy'
OBJDUMP='objdump'
OBJDUMP_FOR_TARGET='$$r/$(HOST_SUBDIR)/binutils/objdump'
OBJEXT='o'
PACKAGE_BUGREPORT=''
PACKAGE_NAME=''
PACKAGE_STRING=''
PACKAGE_TARNAME=''
PACKAGE_URL=''
PACKAGE_VERSION=''
PATH_SEPARATOR=':'
PGO_BUILD_GEN_CFLAGS=''
PGO_BUILD_LTO_CFLAGS=''
PGO_BUILD_USE_CFLAGS=''
RANLIB='ranlib'
RANLIB_FOR_BUILD='$(RANLIB)'
RANLIB_FOR_TARGET='$$r/$(HOST_SUBDIR)/binutils/ranlib'
RANLIB_PLUGIN_OPTION=''
RAW_CXX_FOR_TARGET='$(CXX)'
READELF='readelf'
READELF_FOR_TARGET='$$r/$(HOST_SUBDIR)/binutils/readelf'
RPATH_ENVVAR='DYLD_LIBRARY_PATH'
RUNTEST='runtest'
SED='/usr/bin/sed'
SHELL='/bin/sh'
STRIP='strip'
STRIP_FOR_TARGET='$$r/$(HOST_SUBDIR)/binutils/strip-new'
SYSROOT_CFLAGS_FOR_TARGET=''
TOPLEVEL_CONFIGURE_ARGUMENTS='./configure --disable-unit-tests --no-create --no-recursion'
WINDMC='windmc'
WINDMC_FOR_BUILD='$(WINDMC)'
WINDMC_FOR_TARGET='$$r/$(HOST_SUBDIR)/binutils/windmc'
WINDRES='windres'
WINDRES_FOR_BUILD='$(WINDRES)'
WINDRES_FOR_TARGET='$$r/$(HOST_SUBDIR)/binutils/windres'
YACC='bison -y'
ac_ct_CC='gcc'
ac_ct_CXX='g++'
bindir='${exec_prefix}/bin'
build='x86_64-apple-darwin21.4.0'
build_alias=''
build_configargs=' --cache-file=./config.cache '\''--disable-unit-tests'\'' --program-transform-name='\''s,y,y,'\'' --disable-option-checking'
build_configdirs=' libiberty'
build_cpu='x86_64'
build_libsubdir='build-x86_64-apple-darwin21.4.0'
build_noncanonical='x86_64-apple-darwin21.4.0'
build_os='darwin21.4.0'
build_subdir='build-x86_64-apple-darwin21.4.0'
build_tooldir='${exec_prefix}/x86_64-apple-darwin21.4.0'
build_vendor='apple'
compare_exclusions='gcc/cc*-checksum$(objext) | gcc/ada/*tools/*'
configdirs=' intl libiberty opcodes bfd zlib libctf binutils etc'
datadir='${datarootdir}'
datarootdir='${prefix}/share'
do_compare='cmp --ignore-initial=16 $$f1 $$f2'
docdir='${datarootdir}/doc/${PACKAGE}'
dvidir='${docdir}'
exec_prefix='${prefix}'
extra_host_libiberty_configure_flags=''
extra_host_zlib_configure_flags=''
extra_isl_gmp_configure_flags=''
extra_liboffloadmic_configure_flags=''
extra_linker_plugin_configure_flags=''
extra_linker_plugin_flags=''
extra_mpc_gmp_configure_flags=''
extra_mpc_mpfr_configure_flags=''
extra_mpfr_configure_flags=''
get_gcc_base_ver='cat'
gmpinc=''
gmplibs='-lmpc -lmpfr -lgmp'
host='x86_64-apple-darwin21.4.0'
host_alias=''
host_configargs=' --cache-file=./config.cache  '\''--disable-unit-tests'\'' --program-transform-name='\''s,y,y,'\'' --disable-option-checking'
host_cpu='x86_64'
host_noncanonical='x86_64-apple-darwin21.4.0'
host_os='darwin21.4.0'
host_shared='no'
host_subdir='.'
host_vendor='apple'
htmldir='${docdir}'
includedir='${prefix}/include'
infodir='${datarootdir}/info'
islinc=''
isllibs=''
libdir='${exec_prefix}/lib'
libexecdir='${exec_prefix}/libexec'
localedir='${datarootdir}/locale'
localstatedir='${prefix}/var'
mandir='${datarootdir}/man'
oldincludedir='/usr/include'
pdfdir='${docdir}'
poststage1_ldflags='-static-libstdc++ -static-libgcc'
poststage1_libs=''
prefix='/usr/local'
program_transform_name='s,y,y,'
psdir='${docdir}'
sbindir='${exec_prefix}/sbin'
sharedstatedir='${prefix}/com'
stage1_cflags='-g'
stage1_checking='--enable-checking=yes,types'
stage1_languages=',c,'
stage1_ldflags=''
stage1_libs=''
stage2_werror_flag=''
sysconfdir='${prefix}/etc'
target='x86_64-apple-darwin21.4.0'
target_alias='x86_64-apple-darwin21.4.0'
target_configargs='--cache-file=./config.cache --enable-multilib   '\''--disable-unit-tests'\'' --program-transform-name='\''s,y,y,'\'' --disable-option-checking'
target_configdirs=''
target_cpu='x86_64'
target_noncanonical='x86_64-apple-darwin21.4.0'
target_os='darwin21.4.0'
target_subdir='x86_64-apple-darwin21.4.0'
target_vendor='apple'
tooldir='${exec_prefix}/x86_64-apple-darwin21.4.0'

## ------------------- ##
## File substitutions. ##
## ------------------- ##

alphaieee_frag='/dev/null'
host_makefile_frag='./config/mh-darwin'
ospace_frag='/dev/null'
serialization_dependencies='serdep.tmp'
target_makefile_frag='/dev/null'

## ----------- ##
## confdefs.h. ##
## ----------- ##

/* confdefs.h */
#define PACKAGE_NAME ""
#define PACKAGE_TARNAME ""
#define PACKAGE_VERSION ""
#define PACKAGE_STRING ""
#define PACKAGE_BUGREPORT ""
#define PACKAGE_URL ""
#define LT_OBJDIR ".libs/"

configure: exit 0

## ---------------------- ##
## Running config.status. ##
## ---------------------- ##

This file was extended by config.status, which was
generated by GNU Autoconf 2.69.  Invocation command line was

  CONFIG_FILES    = Makefile
  CONFIG_HEADERS  = 
  CONFIG_LINKS    = 
  CONFIG_COMMANDS = 
  $ ./config.status 

on hacks-Mac-mini.local

config.status:958: creating Makefile
