This file contains any messages produced by compilers while
running configure, to aid debugging if configure makes a mistake.

It was created by bfd configure 2.38, which was
generated by GNU Autoconf 2.69.  Invocation command line was

  $ /Users/hack/binutils-2.38/bfd/configure --srcdir=.././bfd --cache-file=./config.cache --disable-unit-tests --program-transform-name=s,y,y, --disable-option-checking --build=x86_64-apple-darwin21.4.0 --host=x86_64-apple-darwin21.4.0 --target=x86_64-apple-darwin21.4.0

## --------- ##
## Platform. ##
## --------- ##

hostname = hacks-Mac-mini.local
uname -m = x86_64
uname -r = 21.4.0
uname -s = Darwin
uname -v = Darwin Kernel Version 21.4.0: Fri Mar 18 00:45:05 PDT 2022; root:xnu-8020.101.4~15/RELEASE_X86_64

/usr/bin/uname -p = i386
/bin/uname -X     = unknown

/bin/arch              = unknown
/usr/bin/arch -k       = unknown
/usr/convex/getsysinfo = unknown
/usr/bin/hostinfo      = Mach kernel version:
	 Darwin Kernel Version 21.4.0: Fri Mar 18 00:45:05 PDT 2022; root:xnu-8020.101.4~15/RELEASE_X86_64
Kernel configured for up to 4 processors.
2 processors are physically available.
4 processors are logically available.
Processor type: x86_64h (Intel x86-64h Haswell)
Processors active: 0 1 2 3
Primary memory available: 8.00 gigabytes
Default processor set: 418 tasks, 2026 threads, 4 processors
Load average: 2.85, Mach factor: 1.17
/bin/machine           = unknown
/usr/bin/oslevel       = unknown
/bin/universe          = unknown

PATH: /Users/hack/.pyenv/plugins/pyenv-virtualenv/shims
PATH: /Users/hack/.pyenv/shims
PATH: /usr/local/bin
PATH: /usr/bin
PATH: /bin
PATH: /usr/sbin
PATH: /sbin
PATH: /Applications/VMware Fusion.app/Contents/Public
PATH: /Library/Apple/usr/bin
PATH: /Users/hack/flutter/bin


## ----------- ##
## Core tests. ##
## ----------- ##

configure:2466: creating cache ./config.cache
configure:2580: checking build system type
configure:2594: result: x86_64-apple-darwin21.4.0
configure:2614: checking host system type
configure:2627: result: x86_64-apple-darwin21.4.0
configure:2647: checking target system type
configure:2660: result: x86_64-apple-darwin21.4.0
configure:2703: checking for a BSD-compatible install
configure:2771: result: /usr/bin/install -c
configure:2782: checking whether build environment is sane
configure:2837: result: yes
configure:2988: checking for a thread-safe mkdir -p
configure:3027: result: ./../install-sh -c -d
configure:3034: checking for gawk
configure:3061: result: awk
configure:3072: checking whether /Applications/Xcode.app/Contents/Developer/usr/bin/make sets $(MAKE)
configure:3094: result: yes
configure:3123: checking whether /Applications/Xcode.app/Contents/Developer/usr/bin/make supports nested variables
configure:3140: result: yes
configure:3277: checking whether /Applications/Xcode.app/Contents/Developer/usr/bin/make supports nested variables
configure:3294: result: yes
configure:3309: checking for x86_64-apple-darwin21.4.0-ar
configure:3336: result: ar 
configure:3401: checking for x86_64-apple-darwin21.4.0-ranlib
configure:3428: result: ranlib 
configure:3531: checking for x86_64-apple-darwin21.4.0-gcc
configure:3558: result: gcc
configure:3827: checking for C compiler version
configure:3836: gcc --version >&5
Apple clang version 13.1.6 (clang-1316.0.21.2.5)
Target: x86_64-apple-darwin21.4.0
Thread model: posix
InstalledDir: /Applications/Xcode.app/Contents/Developer/Toolchains/XcodeDefault.xctoolchain/usr/bin
configure:3847: $? = 0
configure:3836: gcc -v >&5
Apple clang version 13.1.6 (clang-1316.0.21.2.5)
Target: x86_64-apple-darwin21.4.0
Thread model: posix
InstalledDir: /Applications/Xcode.app/Contents/Developer/Toolchains/XcodeDefault.xctoolchain/usr/bin
configure:3847: $? = 0
configure:3836: gcc -V >&5
clang: error: argument to '-V' is missing (expected 1 value)
clang: error: no input files
configure:3847: $? = 1
configure:3836: gcc -qversion >&5
clang: error: unknown argument '-qversion'; did you mean '--version'?
clang: error: no input files
configure:3847: $? = 1
configure:3867: checking whether the C compiler works
configure:3889: gcc -g -O2         conftest.c  >&5
configure:3893: $? = 0
configure:3941: result: yes
configure:3944: checking for C compiler default output file name
configure:3946: result: a.out
configure:3952: checking for suffix of executables
configure:3959: gcc -o conftest -g -O2         conftest.c  >&5
configure:3963: $? = 0
configure:3985: result: 
configure:4007: checking whether we are cross compiling
configure:4015: gcc -o conftest -g -O2         conftest.c  >&5
configure:4019: $? = 0
configure:4026: ./conftest
configure:4030: $? = 0
configure:4045: result: no
configure:4050: checking for suffix of object files
configure:4072: gcc -c -g -O2      conftest.c >&5
configure:4076: $? = 0
configure:4097: result: o
configure:4101: checking whether we are using the GNU C compiler
configure:4120: gcc -c -g -O2      conftest.c >&5
configure:4120: $? = 0
configure:4129: result: yes
configure:4138: checking whether gcc accepts -g
configure:4158: gcc -c -g  conftest.c >&5
configure:4158: $? = 0
configure:4199: result: yes
configure:4216: checking for gcc option to accept ISO C89
configure:4279: gcc  -c -g -O2      conftest.c >&5
configure:4279: $? = 0
configure:4292: result: none needed
configure:4317: checking whether gcc understands -c and -o together
configure:4339: gcc -c conftest.c -o conftest2.o
configure:4342: $? = 0
configure:4339: gcc -c conftest.c -o conftest2.o
configure:4342: $? = 0
configure:4354: result: yes
configure:4382: checking for style of include used by /Applications/Xcode.app/Contents/Developer/usr/bin/make
configure:4410: result: GNU
configure:4436: checking dependency style of gcc
configure:4547: result: gcc3
configure:4568: checking how to run the C preprocessor
configure:4599: gcc -E  conftest.c
configure:4599: $? = 0
configure:4613: gcc -E  conftest.c
conftest.c:11:10: fatal error: 'ac_nonexistent.h' file not found
#include <ac_nonexistent.h>
         ^~~~~~~~~~~~~~~~~~
1 error generated.
configure:4613: $? = 1
configure: failed program was:
| /* confdefs.h */
| #define PACKAGE_NAME "bfd"
| #define PACKAGE_TARNAME "bfd"
| #define PACKAGE_VERSION "2.38"
| #define PACKAGE_STRING "bfd 2.38"
| #define PACKAGE_BUGREPORT ""
| #define PACKAGE_URL ""
| #define PACKAGE "bfd"
| #define VERSION "2.38"
| /* end confdefs.h.  */
| #include <ac_nonexistent.h>
configure:4638: result: gcc -E
configure:4658: gcc -E  conftest.c
configure:4658: $? = 0
configure:4672: gcc -E  conftest.c
conftest.c:11:10: fatal error: 'ac_nonexistent.h' file not found
#include <ac_nonexistent.h>
         ^~~~~~~~~~~~~~~~~~
1 error generated.
configure:4672: $? = 1
configure: failed program was:
| /* confdefs.h */
| #define PACKAGE_NAME "bfd"
| #define PACKAGE_TARNAME "bfd"
| #define PACKAGE_VERSION "2.38"
| #define PACKAGE_STRING "bfd 2.38"
| #define PACKAGE_BUGREPORT ""
| #define PACKAGE_URL ""
| #define PACKAGE "bfd"
| #define VERSION "2.38"
| /* end confdefs.h.  */
| #include <ac_nonexistent.h>
configure:4701: checking for grep that handles long lines and -e
configure:4759: result: /usr/bin/grep
configure:4764: checking for egrep
configure:4826: result: /usr/bin/grep -E
configure:4831: checking for ANSI C header files
configure:4851: gcc -c -g -O2      conftest.c >&5
configure:4851: $? = 0
configure:4924: gcc -o conftest -g -O2         conftest.c  >&5
configure:4924: $? = 0
configure:4924: ./conftest
configure:4924: $? = 0
configure:4935: result: yes
configure:4948: checking for sys/types.h
configure:4948: gcc -c -g -O2      conftest.c >&5
configure:4948: $? = 0
configure:4948: result: yes
configure:4948: checking for sys/stat.h
configure:4948: gcc -c -g -O2      conftest.c >&5
configure:4948: $? = 0
configure:4948: result: yes
configure:4948: checking for stdlib.h
configure:4948: gcc -c -g -O2      conftest.c >&5
configure:4948: $? = 0
configure:4948: result: yes
configure:4948: checking for string.h
configure:4948: gcc -c -g -O2      conftest.c >&5
configure:4948: $? = 0
configure:4948: result: yes
configure:4948: checking for memory.h
configure:4948: gcc -c -g -O2      conftest.c >&5
configure:4948: $? = 0
configure:4948: result: yes
configure:4948: checking for strings.h
configure:4948: gcc -c -g -O2      conftest.c >&5
configure:4948: $? = 0
configure:4948: result: yes
configure:4948: checking for inttypes.h
configure:4948: gcc -c -g -O2      conftest.c >&5
configure:4948: $? = 0
configure:4948: result: yes
configure:4948: checking for stdint.h
configure:4948: gcc -c -g -O2      conftest.c >&5
configure:4948: $? = 0
configure:4948: result: yes
configure:4948: checking for unistd.h
configure:4948: gcc -c -g -O2      conftest.c >&5
configure:4948: $? = 0
configure:4948: result: yes
configure:4961: checking minix/config.h usability
configure:4961: gcc -c -g -O2      conftest.c >&5
conftest.c:54:10: fatal error: 'minix/config.h' file not found
#include <minix/config.h>
         ^~~~~~~~~~~~~~~~
1 error generated.
configure:4961: $? = 1
configure: failed program was:
| /* confdefs.h */
| #define PACKAGE_NAME "bfd"
| #define PACKAGE_TARNAME "bfd"
| #define PACKAGE_VERSION "2.38"
| #define PACKAGE_STRING "bfd 2.38"
| #define PACKAGE_BUGREPORT ""
| #define PACKAGE_URL ""
| #define PACKAGE "bfd"
| #define VERSION "2.38"
| #define STDC_HEADERS 1
| #define HAVE_SYS_TYPES_H 1
| #define HAVE_SYS_STAT_H 1
| #define HAVE_STDLIB_H 1
| #define HAVE_STRING_H 1
| #define HAVE_MEMORY_H 1
| #define HAVE_STRINGS_H 1
| #define HAVE_INTTYPES_H 1
| #define HAVE_STDINT_H 1
| #define HAVE_UNISTD_H 1
| /* end confdefs.h.  */
| #include <stdio.h>
| #ifdef HAVE_SYS_TYPES_H
| # include <sys/types.h>
| #endif
| #ifdef HAVE_SYS_STAT_H
| # include <sys/stat.h>
| #endif
| #ifdef STDC_HEADERS
| # include <stdlib.h>
| # include <stddef.h>
| #else
| # ifdef HAVE_STDLIB_H
| #  include <stdlib.h>
| # endif
| #endif
| #ifdef HAVE_STRING_H
| # if !defined STDC_HEADERS && defined HAVE_MEMORY_H
| #  include <memory.h>
| # endif
| # include <string.h>
| #endif
| #ifdef HAVE_STRINGS_H
| # include <strings.h>
| #endif
| #ifdef HAVE_INTTYPES_H
| # include <inttypes.h>
| #endif
| #ifdef HAVE_STDINT_H
| # include <stdint.h>
| #endif
| #ifdef HAVE_UNISTD_H
| # include <unistd.h>
| #endif
| #include <minix/config.h>
configure:4961: result: no
configure:4961: checking minix/config.h presence
configure:4961: gcc -E  conftest.c
conftest.c:21:10: fatal error: 'minix/config.h' file not found
#include <minix/config.h>
         ^~~~~~~~~~~~~~~~
1 error generated.
configure:4961: $? = 1
configure: failed program was:
| /* confdefs.h */
| #define PACKAGE_NAME "bfd"
| #define PACKAGE_TARNAME "bfd"
| #define PACKAGE_VERSION "2.38"
| #define PACKAGE_STRING "bfd 2.38"
| #define PACKAGE_BUGREPORT ""
| #define PACKAGE_URL ""
| #define PACKAGE "bfd"
| #define VERSION "2.38"
| #define STDC_HEADERS 1
| #define HAVE_SYS_TYPES_H 1
| #define HAVE_SYS_STAT_H 1
| #define HAVE_STDLIB_H 1
| #define HAVE_STRING_H 1
| #define HAVE_MEMORY_H 1
| #define HAVE_STRINGS_H 1
| #define HAVE_INTTYPES_H 1
| #define HAVE_STDINT_H 1
| #define HAVE_UNISTD_H 1
| /* end confdefs.h.  */
| #include <minix/config.h>
configure:4961: result: no
configure:4961: checking for minix/config.h
configure:4961: result: no
configure:4982: checking whether it is safe to define __EXTENSIONS__
configure:5000: gcc -c -g -O2      conftest.c >&5
configure:5000: $? = 0
configure:5007: result: yes
configure:5070: checking how to print strings
configure:5097: result: printf
configure:5118: checking for a sed that does not truncate output
configure:5182: result: /usr/bin/sed
configure:5200: checking for fgrep
configure:5262: result: /usr/bin/grep -F
configure:5297: checking for ld used by gcc
configure:5364: result: /Applications/Xcode.app/Contents/Developer/Toolchains/XcodeDefault.xctoolchain/usr/bin/ld
configure:5371: checking if the linker (/Applications/Xcode.app/Contents/Developer/Toolchains/XcodeDefault.xctoolchain/usr/bin/ld) is GNU ld
configure:5386: result: no
configure:5398: checking for BSD- or MS-compatible name lister (nm)
configure:5448: result: /usr/bin/nm
configure:5578: checking the name lister (/usr/bin/nm) interface
configure:5585: gcc -c -g -O2      conftest.c >&5
configure:5588: /usr/bin/nm "conftest.o"
configure:5591: output
0000000000000248 S _some_variable
configure:5598: result: BSD nm
configure:5601: checking whether ln -s works
configure:5605: result: yes
configure:5613: checking the maximum length of command line arguments
configure:5738: result: 786432
configure:5755: checking whether the shell understands some XSI constructs
configure:5765: result: yes
configure:5769: checking whether the shell understands "+="
configure:5775: result: yes
configure:5810: checking for /Applications/Xcode.app/Contents/Developer/Toolchains/XcodeDefault.xctoolchain/usr/bin/ld option to reload object files
configure:5817: result: -r
configure:5846: checking for x86_64-apple-darwin21.4.0-objdump
configure:5873: result: objdump
configure:5945: checking how to recognize dependent libraries
configure:6146: result: pass_all
configure:6179: checking for x86_64-apple-darwin21.4.0-ar
configure:6206: result: ar 
configure:6297: checking for x86_64-apple-darwin21.4.0-strip
configure:6327: result: no
configure:6337: checking for strip
configure:6353: found /usr/bin/strip
configure:6364: result: strip
configure:6396: checking for x86_64-apple-darwin21.4.0-ranlib
configure:6423: result: ranlib 
configure:6570: checking command to parse /usr/bin/nm output from gcc object
configure:6688: gcc -c -g -O2      conftest.c >&5
configure:6691: $? = 0
configure:6695: /usr/bin/nm conftest.o \| sed -n -e 's/^.*[ ]\([ABCDGIRSTW][ABCDGIRSTW]*\)[ ][ ]*\([_A-Za-z][_A-Za-z0-9]*\)$/\1 \2 \2/p' \> conftest.nm
configure:6698: $? = 0
cannot find nm_test_var in conftest.nm
configure:6688: gcc -c -g -O2      conftest.c >&5
configure:6691: $? = 0
configure:6695: /usr/bin/nm conftest.o \| sed -n -e 's/^.*[ ]\([ABCDGIRSTW][ABCDGIRSTW]*\)[ ][ ]*_\([_A-Za-z][_A-Za-z0-9]*\)$/\1 _\2 \2/p' \> conftest.nm
configure:6698: $? = 0
configure:6752: gcc -o conftest -g -O2         conftest.c conftstm.o >&5
warning: (x86_64)  could not find object file symbol for symbol _main
configure:6755: $? = 0
configure:6793: result: ok
configure:7030: checking for x86_64-apple-darwin21.4.0-dsymutil
configure:7057: result: @DSYMUTIL@
configure:7122: checking for x86_64-apple-darwin21.4.0-nmedit
configure:7152: result: no
configure:7162: checking for nmedit
configure:7178: found /usr/bin/nmedit
configure:7189: result: nmedit
configure:7214: checking for x86_64-apple-darwin21.4.0-lipo
configure:7244: result: no
configure:7254: checking for lipo
configure:7270: found /usr/bin/lipo
configure:7281: result: lipo
configure:7306: checking for x86_64-apple-darwin21.4.0-otool
configure:7333: result: @OTOOL@
configure:7398: checking for x86_64-apple-darwin21.4.0-otool64
configure:7428: result: no
configure:7438: checking for otool64
configure:7468: result: no
configure:7513: checking for -single_module linker flag
gcc -g -O2        -o libconftest.dylib -dynamiclib -Wl,-single_module conftest.c
configure:7540: result: yes
configure:7542: checking for -exported_symbols_list linker flag
configure:7562: gcc -o conftest -g -O2         -Wl,-exported_symbols_list,conftest.sym conftest.c  >&5
configure:7562: $? = 0
configure:7572: result: yes
configure:7574: checking for -force_load linker flag
gcc -g -O2     -c -o conftest.o conftest.c
ar  cru libconftest.a conftest.o
gcc -g -O2        -o conftest conftest.c -Wl,-force_load,./libconftest.a
warning: (x86_64)  could not find object file symbol for symbol _forced_loaded
configure:7602: result: no
configure:7641: checking for dlfcn.h
configure:7641: gcc -c -g -O2      conftest.c >&5
configure:7641: $? = 0
configure:7641: result: yes
configure:7797: checking for objdir
configure:7812: result: .libs
configure:8083: checking if gcc supports -fno-rtti -fno-exceptions
configure:8101: gcc -c -g -O2      -fno-rtti -fno-exceptions conftest.c >&5
configure:8105: $? = 0
configure:8118: result: yes
configure:8138: checking for gcc option to produce PIC
configure:8424: result: -fno-common -DPIC
configure:8436: checking if gcc PIC flag -fno-common -DPIC works
configure:8454: gcc -c -g -O2      -fno-common -DPIC -DPIC conftest.c >&5
configure:8458: $? = 0
configure:8471: result: yes
configure:8495: checking if gcc static flag -static works
configure:8523: result: no
configure:8538: checking if gcc supports -c -o file.o
configure:8559: gcc -c -g -O2      -o out/conftest2.o conftest.c >&5
configure:8563: $? = 0
configure:8585: result: yes
configure:8593: checking if gcc supports -c -o file.o
configure:8640: result: yes
configure:8673: checking whether the gcc linker (/Applications/Xcode.app/Contents/Developer/Toolchains/XcodeDefault.xctoolchain/usr/bin/ld) supports shared libraries
configure:9744: result: yes
configure:9989: checking dynamic linker characteristics
configure:10652: result: darwin21.4.0 dyld
configure:10759: checking how to hardcode library paths into programs
configure:10784: result: immediate
configure:10829: checking for dlopen in -ldl
configure:10854: gcc -o conftest -g -O2         conftest.c -ldl   >&5
configure:10854: $? = 0
configure:10863: result: yes
configure:11078: checking whether a program can dlopen itself
configure:11158: gcc -o conftest -g -O2      -DHAVE_DLFCN_H     conftest.c -ldl  >&5
configure:11161: $? = 0
configure:11179: result: yes
configure:11184: checking whether a statically linked program can dlopen itself
configure:11264: gcc -o conftest -g -O2      -DHAVE_DLFCN_H      conftest.c -ldl  >&5
configure:11267: $? = 0
configure:11285: result: yes
configure:11324: checking whether stripping libraries is possible
configure:11338: result: yes
configure:11364: checking if libtool supports shared libraries
configure:11366: result: yes
configure:11369: checking whether to build shared libraries
configure:11390: result: no
configure:11393: checking whether to build static libraries
configure:11397: result: yes
configure:11447: checking for dlfcn.h
configure:11447: result: yes
configure:11460: checking for windows.h
configure:11460: gcc -c -g -O2      conftest.c >&5
conftest.c:63:10: fatal error: 'windows.h' file not found
#include <windows.h>
         ^~~~~~~~~~~
1 error generated.
configure:11460: $? = 1
configure: failed program was:
| /* confdefs.h */
| #define PACKAGE_NAME "bfd"
| #define PACKAGE_TARNAME "bfd"
| #define PACKAGE_VERSION "2.38"
| #define PACKAGE_STRING "bfd 2.38"
| #define PACKAGE_BUGREPORT ""
| #define PACKAGE_URL ""
| #define PACKAGE "bfd"
| #define VERSION "2.38"
| #define STDC_HEADERS 1
| #define HAVE_SYS_TYPES_H 1
| #define HAVE_SYS_STAT_H 1
| #define HAVE_STDLIB_H 1
| #define HAVE_STRING_H 1
| #define HAVE_MEMORY_H 1
| #define HAVE_STRINGS_H 1
| #define HAVE_INTTYPES_H 1
| #define HAVE_STDINT_H 1
| #define HAVE_UNISTD_H 1
| #define __EXTENSIONS__ 1
| #define _ALL_SOURCE 1
| #define _GNU_SOURCE 1
| #define _POSIX_PTHREAD_SEMANTICS 1
| #define _TANDEM_SOURCE 1
| #define HAVE_DLFCN_H 1
| #define LT_OBJDIR ".libs/"
| #define HAVE_DLFCN_H 1
| /* end confdefs.h.  */
| #include <stdio.h>
| #ifdef HAVE_SYS_TYPES_H
| # include <sys/types.h>
| #endif
| #ifdef HAVE_SYS_STAT_H
| # include <sys/stat.h>
| #endif
| #ifdef STDC_HEADERS
| # include <stdlib.h>
| # include <stddef.h>
| #else
| # ifdef HAVE_STDLIB_H
| #  include <stdlib.h>
| # endif
| #endif
| #ifdef HAVE_STRING_H
| # if !defined STDC_HEADERS && defined HAVE_MEMORY_H
| #  include <memory.h>
| # endif
| # include <string.h>
| #endif
| #ifdef HAVE_STRINGS_H
| # include <strings.h>
| #endif
| #ifdef HAVE_INTTYPES_H
| # include <inttypes.h>
| #endif
| #ifdef HAVE_STDINT_H
| # include <stdint.h>
| #endif
| #ifdef HAVE_UNISTD_H
| # include <unistd.h>
| #endif
| 
| #include <windows.h>
configure:11460: result: no
configure:11487: checking for library containing dlsym
configure:11518: gcc -o conftest -g -O2         conftest.c  >&5
configure:11518: $? = 0
configure:11535: result: none required
configure:11607: checking for special C compiler options needed for large files
configure:11652: result: no
configure:11658: checking for _FILE_OFFSET_BITS value needed for large files
configure:11683: gcc -c -g -O2      conftest.c >&5
configure:11683: $? = 0
configure:11715: result: no
configure:11870: checking size of void *
configure:11875: gcc -o conftest -g -O2         conftest.c  >&5
configure:11875: $? = 0
configure:11875: ./conftest
configure:11875: $? = 0
configure:11889: result: 8
clang: error: no such file or directory: '@CPPFLAGS_FOR_BUILD@'
clang: error: no such file or directory: '@CPPFLAGS_FOR_BUILD@'
configure:12226: checking whether to enable maintainer-specific portions of Makefiles
configure:12235: result: no
configure:12271: checking whether to install libbfd
configure:12284: result: yes
configure:12334: checking whether NLS is requested
configure:12340: result: yes
configure:12346: checking for catalogs to be installed
configure:12378: result:  da es fi fr hr id ja pt ro ru rw sr sv tr uk vi zh_CN da es fi fr hr id ja pt ro ru rw sr sv tr uk vi zh_CN
configure:12405: checking whether NLS is requested
configure:12414: result: yes
configure:12452: checking for msgfmt
configure:12486: result: no
configure:12492: checking for gmsgfmt
configure:12523: result: :
configure:12563: checking for xgettext
configure:12597: result: no
configure:12634: checking for msgmerge
configure:12667: result: no
configure:12717: checking size of long long
configure:12722: gcc -o conftest -g -O2         conftest.c  >&5
configure:12722: $? = 0
configure:12722: ./conftest
configure:12722: $? = 0
configure:12736: result: 8
configure:12750: checking size of void *
configure:12769: result: 8
configure:12783: checking size of long
configure:12788: gcc -o conftest -g -O2         conftest.c  >&5
configure:12788: $? = 0
configure:12788: ./conftest
configure:12788: $? = 0
configure:12802: result: 8
configure:12816: checking size of int
configure:12821: gcc -o conftest -g -O2         conftest.c  >&5
configure:12821: $? = 0
configure:12821: ./conftest
configure:12821: $? = 0
configure:12835: result: 4
configure:12918: checking fcntl.h usability
configure:12918: gcc -c -g -O2      conftest.c >&5
configure:12918: $? = 0
configure:12918: result: yes
configure:12918: checking fcntl.h presence
configure:12918: gcc -E  conftest.c
configure:12918: $? = 0
configure:12918: result: yes
configure:12918: checking for fcntl.h
configure:12918: result: yes
configure:12918: checking sys/file.h usability
configure:12918: gcc -c -g -O2      conftest.c >&5
configure:12918: $? = 0
configure:12918: result: yes
configure:12918: checking sys/file.h presence
configure:12918: gcc -E  conftest.c
configure:12918: $? = 0
configure:12918: result: yes
configure:12918: checking for sys/file.h
configure:12918: result: yes
configure:12918: checking sys/resource.h usability
configure:12918: gcc -c -g -O2      conftest.c >&5
configure:12918: $? = 0
configure:12918: result: yes
configure:12918: checking sys/resource.h presence
configure:12918: gcc -E  conftest.c
configure:12918: $? = 0
configure:12918: result: yes
configure:12918: checking for sys/resource.h
configure:12918: result: yes
configure:12918: checking for sys/stat.h
configure:12918: result: yes
configure:12918: checking for sys/types.h
configure:12918: result: yes
configure:12918: checking for unistd.h
configure:12918: result: yes
configure:12933: checking for fcntl
configure:12933: gcc -o conftest -g -O2         conftest.c  >&5
configure:12933: $? = 0
configure:12933: result: yes
configure:12933: checking for fdopen
configure:12933: gcc -o conftest -g -O2         conftest.c  >&5
configure:12933: $? = 0
configure:12933: result: yes
configure:12933: checking for fileno
configure:12933: gcc -o conftest -g -O2         conftest.c  >&5
configure:12933: $? = 0
configure:12933: result: yes
configure:12933: checking for fls
configure:12933: gcc -o conftest -g -O2         conftest.c  >&5
configure:12933: $? = 0
configure:12933: result: yes
configure:12933: checking for getgid
configure:12933: gcc -o conftest -g -O2         conftest.c  >&5
configure:12933: $? = 0
configure:12933: result: yes
configure:12933: checking for getpagesize
configure:12933: gcc -o conftest -g -O2         conftest.c  >&5
configure:12933: $? = 0
configure:12933: result: yes
configure:12933: checking for getrlimit
configure:12933: gcc -o conftest -g -O2         conftest.c  >&5
configure:12933: $? = 0
configure:12933: result: yes
configure:12933: checking for getuid
configure:12933: gcc -o conftest -g -O2         conftest.c  >&5
configure:12933: $? = 0
configure:12933: result: yes
configure:12933: checking for sysconf
configure:12933: gcc -o conftest -g -O2         conftest.c  >&5
configure:12933: $? = 0
configure:12933: result: yes
configure:12943: checking whether basename is declared
configure:12943: gcc -c -g -O2      conftest.c >&5
conftest.c:92:10: error: use of undeclared identifier 'basename'
  (void) basename;
         ^
1 error generated.
configure:12943: $? = 1
configure: failed program was:
| /* confdefs.h */
| #define PACKAGE_NAME "bfd"
| #define PACKAGE_TARNAME "bfd"
| #define PACKAGE_VERSION "2.38"
| #define PACKAGE_STRING "bfd 2.38"
| #define PACKAGE_BUGREPORT ""
| #define PACKAGE_URL ""
| #define PACKAGE "bfd"
| #define VERSION "2.38"
| #define STDC_HEADERS 1
| #define HAVE_SYS_TYPES_H 1
| #define HAVE_SYS_STAT_H 1
| #define HAVE_STDLIB_H 1
| #define HAVE_STRING_H 1
| #define HAVE_MEMORY_H 1
| #define HAVE_STRINGS_H 1
| #define HAVE_INTTYPES_H 1
| #define HAVE_STDINT_H 1
| #define HAVE_UNISTD_H 1
| #define __EXTENSIONS__ 1
| #define _ALL_SOURCE 1
| #define _GNU_SOURCE 1
| #define _POSIX_PTHREAD_SEMANTICS 1
| #define _TANDEM_SOURCE 1
| #define HAVE_DLFCN_H 1
| #define LT_OBJDIR ".libs/"
| #define HAVE_DLFCN_H 1
| #define SIZEOF_VOID_P 8
| #define USE_SECUREPLT 1
| #define DEFAULT_LD_Z_SEPARATE_CODE 0
| #define ENABLE_NLS 1
| #define SIZEOF_LONG_LONG 8
| #define SIZEOF_VOID_P 8
| #define SIZEOF_LONG 8
| #define SIZEOF_INT 4
| #define HAVE_FCNTL_H 1
| #define HAVE_SYS_FILE_H 1
| #define HAVE_SYS_RESOURCE_H 1
| #define HAVE_SYS_STAT_H 1
| #define HAVE_SYS_TYPES_H 1
| #define HAVE_UNISTD_H 1
| #define HAVE_FCNTL 1
| #define HAVE_FDOPEN 1
| #define HAVE_FILENO 1
| #define HAVE_FLS 1
| #define HAVE_GETGID 1
| #define HAVE_GETPAGESIZE 1
| #define HAVE_GETRLIMIT 1
| #define HAVE_GETUID 1
| #define HAVE_SYSCONF 1
| /* end confdefs.h.  */
| #include <stdio.h>
| #ifdef HAVE_SYS_TYPES_H
| # include <sys/types.h>
| #endif
| #ifdef HAVE_SYS_STAT_H
| # include <sys/stat.h>
| #endif
| #ifdef STDC_HEADERS
| # include <stdlib.h>
| # include <stddef.h>
| #else
| # ifdef HAVE_STDLIB_H
| #  include <stdlib.h>
| # endif
| #endif
| #ifdef HAVE_STRING_H
| # if !defined STDC_HEADERS && defined HAVE_MEMORY_H
| #  include <memory.h>
| # endif
| # include <string.h>
| #endif
| #ifdef HAVE_STRINGS_H
| # include <strings.h>
| #endif
| #ifdef HAVE_INTTYPES_H
| # include <inttypes.h>
| #endif
| #ifdef HAVE_STDINT_H
| # include <stdint.h>
| #endif
| #ifdef HAVE_UNISTD_H
| # include <unistd.h>
| #endif
| int
| main ()
| {
| #ifndef basename
| #ifdef __cplusplus
|   (void) basename;
| #else
|   (void) basename;
| #endif
| #endif
| 
|   ;
|   return 0;
| }
configure:12943: result: no
configure:12953: checking whether ffs is declared
configure:12953: gcc -c -g -O2      conftest.c >&5
configure:12953: $? = 0
configure:12953: result: yes
configure:12963: checking whether stpcpy is declared
configure:12963: gcc -c -g -O2      conftest.c >&5
configure:12963: $? = 0
configure:12963: result: yes
configure:12973: checking whether asprintf is declared
configure:12973: gcc -c -g -O2      conftest.c >&5
configure:12973: $? = 0
configure:12973: result: yes
configure:12983: checking whether vasprintf is declared
configure:12983: gcc -c -g -O2      conftest.c >&5
configure:12983: $? = 0
configure:12983: result: yes
configure:12993: checking whether strnlen is declared
configure:12993: gcc -c -g -O2      conftest.c >&5
configure:12993: $? = 0
configure:12993: result: yes
configure:13035: checking compiler support for hidden visibility
configure:13053: gcc -c -g -O2     -Werror  conftest.c >&5
configure:13053: $? = 0
configure:13060: result: yes
configure:13070: checking linker --as-needed support
configure:13081: result: no
configure:13718: checking for gcc version with buggy 64-bit support
configure:13731: result: no
configure:13967: checking sys/procfs.h usability
configure:13967: gcc -c -g -O2      conftest.c >&5
conftest.c:93:10: fatal error: 'sys/procfs.h' file not found
#include <sys/procfs.h>
         ^~~~~~~~~~~~~~
1 error generated.
configure:13967: $? = 1
configure: failed program was:
| /* confdefs.h */
| #define PACKAGE_NAME "bfd"
| #define PACKAGE_TARNAME "bfd"
| #define PACKAGE_VERSION "2.38"
| #define PACKAGE_STRING "bfd 2.38"
| #define PACKAGE_BUGREPORT ""
| #define PACKAGE_URL ""
| #define PACKAGE "bfd"
| #define VERSION "2.38"
| #define STDC_HEADERS 1
| #define HAVE_SYS_TYPES_H 1
| #define HAVE_SYS_STAT_H 1
| #define HAVE_STDLIB_H 1
| #define HAVE_STRING_H 1
| #define HAVE_MEMORY_H 1
| #define HAVE_STRINGS_H 1
| #define HAVE_INTTYPES_H 1
| #define HAVE_STDINT_H 1
| #define HAVE_UNISTD_H 1
| #define __EXTENSIONS__ 1
| #define _ALL_SOURCE 1
| #define _GNU_SOURCE 1
| #define _POSIX_PTHREAD_SEMANTICS 1
| #define _TANDEM_SOURCE 1
| #define HAVE_DLFCN_H 1
| #define LT_OBJDIR ".libs/"
| #define HAVE_DLFCN_H 1
| #define SIZEOF_VOID_P 8
| #define USE_SECUREPLT 1
| #define DEFAULT_LD_Z_SEPARATE_CODE 0
| #define ENABLE_NLS 1
| #define SIZEOF_LONG_LONG 8
| #define SIZEOF_VOID_P 8
| #define SIZEOF_LONG 8
| #define SIZEOF_INT 4
| #define HAVE_FCNTL_H 1
| #define HAVE_SYS_FILE_H 1
| #define HAVE_SYS_RESOURCE_H 1
| #define HAVE_SYS_STAT_H 1
| #define HAVE_SYS_TYPES_H 1
| #define HAVE_UNISTD_H 1
| #define HAVE_FCNTL 1
| #define HAVE_FDOPEN 1
| #define HAVE_FILENO 1
| #define HAVE_FLS 1
| #define HAVE_GETGID 1
| #define HAVE_GETPAGESIZE 1
| #define HAVE_GETRLIMIT 1
| #define HAVE_GETUID 1
| #define HAVE_SYSCONF 1
| #define HAVE_DECL_BASENAME 0
| #define HAVE_DECL_FFS 1
| #define HAVE_DECL_STPCPY 1
| #define HAVE_DECL_ASPRINTF 1
| #define HAVE_DECL_VASPRINTF 1
| #define HAVE_DECL_STRNLEN 1
| #define HAVE_HIDDEN 1
| #define _STRUCTURED_PROC 1
| /* end confdefs.h.  */
| #include <stdio.h>
| #ifdef HAVE_SYS_TYPES_H
| # include <sys/types.h>
| #endif
| #ifdef HAVE_SYS_STAT_H
| # include <sys/stat.h>
| #endif
| #ifdef STDC_HEADERS
| # include <stdlib.h>
| # include <stddef.h>
| #else
| # ifdef HAVE_STDLIB_H
| #  include <stdlib.h>
| # endif
| #endif
| #ifdef HAVE_STRING_H
| # if !defined STDC_HEADERS && defined HAVE_MEMORY_H
| #  include <memory.h>
| # endif
| # include <string.h>
| #endif
| #ifdef HAVE_STRINGS_H
| # include <strings.h>
| #endif
| #ifdef HAVE_INTTYPES_H
| # include <inttypes.h>
| #endif
| #ifdef HAVE_STDINT_H
| # include <stdint.h>
| #endif
| #ifdef HAVE_UNISTD_H
| # include <unistd.h>
| #endif
| #include <sys/procfs.h>
configure:13967: result: no
configure:13967: checking sys/procfs.h presence
configure:13967: gcc -E  conftest.c
conftest.c:60:10: fatal error: 'sys/procfs.h' file not found
#include <sys/procfs.h>
         ^~~~~~~~~~~~~~
1 error generated.
configure:13967: $? = 1
configure: failed program was:
| /* confdefs.h */
| #define PACKAGE_NAME "bfd"
| #define PACKAGE_TARNAME "bfd"
| #define PACKAGE_VERSION "2.38"
| #define PACKAGE_STRING "bfd 2.38"
| #define PACKAGE_BUGREPORT ""
| #define PACKAGE_URL ""
| #define PACKAGE "bfd"
| #define VERSION "2.38"
| #define STDC_HEADERS 1
| #define HAVE_SYS_TYPES_H 1
| #define HAVE_SYS_STAT_H 1
| #define HAVE_STDLIB_H 1
| #define HAVE_STRING_H 1
| #define HAVE_MEMORY_H 1
| #define HAVE_STRINGS_H 1
| #define HAVE_INTTYPES_H 1
| #define HAVE_STDINT_H 1
| #define HAVE_UNISTD_H 1
| #define __EXTENSIONS__ 1
| #define _ALL_SOURCE 1
| #define _GNU_SOURCE 1
| #define _POSIX_PTHREAD_SEMANTICS 1
| #define _TANDEM_SOURCE 1
| #define HAVE_DLFCN_H 1
| #define LT_OBJDIR ".libs/"
| #define HAVE_DLFCN_H 1
| #define SIZEOF_VOID_P 8
| #define USE_SECUREPLT 1
| #define DEFAULT_LD_Z_SEPARATE_CODE 0
| #define ENABLE_NLS 1
| #define SIZEOF_LONG_LONG 8
| #define SIZEOF_VOID_P 8
| #define SIZEOF_LONG 8
| #define SIZEOF_INT 4
| #define HAVE_FCNTL_H 1
| #define HAVE_SYS_FILE_H 1
| #define HAVE_SYS_RESOURCE_H 1
| #define HAVE_SYS_STAT_H 1
| #define HAVE_SYS_TYPES_H 1
| #define HAVE_UNISTD_H 1
| #define HAVE_FCNTL 1
| #define HAVE_FDOPEN 1
| #define HAVE_FILENO 1
| #define HAVE_FLS 1
| #define HAVE_GETGID 1
| #define HAVE_GETPAGESIZE 1
| #define HAVE_GETRLIMIT 1
| #define HAVE_GETUID 1
| #define HAVE_SYSCONF 1
| #define HAVE_DECL_BASENAME 0
| #define HAVE_DECL_FFS 1
| #define HAVE_DECL_STPCPY 1
| #define HAVE_DECL_ASPRINTF 1
| #define HAVE_DECL_VASPRINTF 1
| #define HAVE_DECL_STRNLEN 1
| #define HAVE_HIDDEN 1
| #define _STRUCTURED_PROC 1
| /* end confdefs.h.  */
| #include <sys/procfs.h>
configure:13967: result: no
configure:13967: checking for sys/procfs.h
configure:13967: result: no
configure:14769: checking for ftello
configure:14769: gcc -o conftest -g -O2         conftest.c  >&5
configure:14769: $? = 0
configure:14769: result: yes
configure:14769: checking for ftello64
configure:14769: gcc -o conftest -g -O2         conftest.c  >&5
Undefined symbols for architecture x86_64:
  "_ftello64", referenced from:
      _main in conftest-633fe8.o
ld: symbol(s) not found for architecture x86_64
clang: error: linker command failed with exit code 1 (use -v to see invocation)
configure:14769: $? = 1
configure: failed program was:
| /* confdefs.h */
| #define PACKAGE_NAME "bfd"
| #define PACKAGE_TARNAME "bfd"
| #define PACKAGE_VERSION "2.38"
| #define PACKAGE_STRING "bfd 2.38"
| #define PACKAGE_BUGREPORT ""
| #define PACKAGE_URL ""
| #define PACKAGE "bfd"
| #define VERSION "2.38"
| #define STDC_HEADERS 1
| #define HAVE_SYS_TYPES_H 1
| #define HAVE_SYS_STAT_H 1
| #define HAVE_STDLIB_H 1
| #define HAVE_STRING_H 1
| #define HAVE_MEMORY_H 1
| #define HAVE_STRINGS_H 1
| #define HAVE_INTTYPES_H 1
| #define HAVE_STDINT_H 1
| #define HAVE_UNISTD_H 1
| #define __EXTENSIONS__ 1
| #define _ALL_SOURCE 1
| #define _GNU_SOURCE 1
| #define _POSIX_PTHREAD_SEMANTICS 1
| #define _TANDEM_SOURCE 1
| #define HAVE_DLFCN_H 1
| #define LT_OBJDIR ".libs/"
| #define HAVE_DLFCN_H 1
| #define SIZEOF_VOID_P 8
| #define USE_SECUREPLT 1
| #define DEFAULT_LD_Z_SEPARATE_CODE 0
| #define ENABLE_NLS 1
| #define SIZEOF_LONG_LONG 8
| #define SIZEOF_VOID_P 8
| #define SIZEOF_LONG 8
| #define SIZEOF_INT 4
| #define HAVE_FCNTL_H 1
| #define HAVE_SYS_FILE_H 1
| #define HAVE_SYS_RESOURCE_H 1
| #define HAVE_SYS_STAT_H 1
| #define HAVE_SYS_TYPES_H 1
| #define HAVE_UNISTD_H 1
| #define HAVE_FCNTL 1
| #define HAVE_FDOPEN 1
| #define HAVE_FILENO 1
| #define HAVE_FLS 1
| #define HAVE_GETGID 1
| #define HAVE_GETPAGESIZE 1
| #define HAVE_GETRLIMIT 1
| #define HAVE_GETUID 1
| #define HAVE_SYSCONF 1
| #define HAVE_DECL_BASENAME 0
| #define HAVE_DECL_FFS 1
| #define HAVE_DECL_STPCPY 1
| #define HAVE_DECL_ASPRINTF 1
| #define HAVE_DECL_VASPRINTF 1
| #define HAVE_DECL_STRNLEN 1
| #define HAVE_HIDDEN 1
| #define _STRUCTURED_PROC 1
| #define HAVE_FTELLO 1
| /* end confdefs.h.  */
| /* Define ftello64 to an innocuous variant, in case <limits.h> declares ftello64.
|    For example, HP-UX 11i <limits.h> declares gettimeofday.  */
| #define ftello64 innocuous_ftello64
| 
| /* System header to define __stub macros and hopefully few prototypes,
|     which can conflict with char ftello64 (); below.
|     Prefer <limits.h> to <assert.h> if __STDC__ is defined, since
|     <limits.h> exists even on freestanding compilers.  */
| 
| #ifdef __STDC__
| # include <limits.h>
| #else
| # include <assert.h>
| #endif
| 
| #undef ftello64
| 
| /* Override any GCC internal prototype to avoid an error.
|    Use char because int might match the return type of a GCC
|    builtin and then its argument prototype would still apply.  */
| #ifdef __cplusplus
| extern "C"
| #endif
| char ftello64 ();
| /* The GNU C library defines this for functions which it implements
|     to always fail with ENOSYS.  Some functions are actually named
|     something starting with __ and the normal name is an alias.  */
| #if defined __stub_ftello64 || defined __stub___ftello64
| choke me
| #endif
| 
| int
| main ()
| {
| return ftello64 ();
|   ;
|   return 0;
| }
configure:14769: result: no
configure:14769: checking for fseeko
configure:14769: gcc -o conftest -g -O2         conftest.c  >&5
configure:14769: $? = 0
configure:14769: result: yes
configure:14769: checking for fseeko64
configure:14769: gcc -o conftest -g -O2         conftest.c  >&5
Undefined symbols for architecture x86_64:
  "_fseeko64", referenced from:
      _main in conftest-cfdc6f.o
ld: symbol(s) not found for architecture x86_64
clang: error: linker command failed with exit code 1 (use -v to see invocation)
configure:14769: $? = 1
configure: failed program was:
| /* confdefs.h */
| #define PACKAGE_NAME "bfd"
| #define PACKAGE_TARNAME "bfd"
| #define PACKAGE_VERSION "2.38"
| #define PACKAGE_STRING "bfd 2.38"
| #define PACKAGE_BUGREPORT ""
| #define PACKAGE_URL ""
| #define PACKAGE "bfd"
| #define VERSION "2.38"
| #define STDC_HEADERS 1
| #define HAVE_SYS_TYPES_H 1
| #define HAVE_SYS_STAT_H 1
| #define HAVE_STDLIB_H 1
| #define HAVE_STRING_H 1
| #define HAVE_MEMORY_H 1
| #define HAVE_STRINGS_H 1
| #define HAVE_INTTYPES_H 1
| #define HAVE_STDINT_H 1
| #define HAVE_UNISTD_H 1
| #define __EXTENSIONS__ 1
| #define _ALL_SOURCE 1
| #define _GNU_SOURCE 1
| #define _POSIX_PTHREAD_SEMANTICS 1
| #define _TANDEM_SOURCE 1
| #define HAVE_DLFCN_H 1
| #define LT_OBJDIR ".libs/"
| #define HAVE_DLFCN_H 1
| #define SIZEOF_VOID_P 8
| #define USE_SECUREPLT 1
| #define DEFAULT_LD_Z_SEPARATE_CODE 0
| #define ENABLE_NLS 1
| #define SIZEOF_LONG_LONG 8
| #define SIZEOF_VOID_P 8
| #define SIZEOF_LONG 8
| #define SIZEOF_INT 4
| #define HAVE_FCNTL_H 1
| #define HAVE_SYS_FILE_H 1
| #define HAVE_SYS_RESOURCE_H 1
| #define HAVE_SYS_STAT_H 1
| #define HAVE_SYS_TYPES_H 1
| #define HAVE_UNISTD_H 1
| #define HAVE_FCNTL 1
| #define HAVE_FDOPEN 1
| #define HAVE_FILENO 1
| #define HAVE_FLS 1
| #define HAVE_GETGID 1
| #define HAVE_GETPAGESIZE 1
| #define HAVE_GETRLIMIT 1
| #define HAVE_GETUID 1
| #define HAVE_SYSCONF 1
| #define HAVE_DECL_BASENAME 0
| #define HAVE_DECL_FFS 1
| #define HAVE_DECL_STPCPY 1
| #define HAVE_DECL_ASPRINTF 1
| #define HAVE_DECL_VASPRINTF 1
| #define HAVE_DECL_STRNLEN 1
| #define HAVE_HIDDEN 1
| #define _STRUCTURED_PROC 1
| #define HAVE_FTELLO 1
| #define HAVE_FSEEKO 1
| /* end confdefs.h.  */
| /* Define fseeko64 to an innocuous variant, in case <limits.h> declares fseeko64.
|    For example, HP-UX 11i <limits.h> declares gettimeofday.  */
| #define fseeko64 innocuous_fseeko64
| 
| /* System header to define __stub macros and hopefully few prototypes,
|     which can conflict with char fseeko64 (); below.
|     Prefer <limits.h> to <assert.h> if __STDC__ is defined, since
|     <limits.h> exists even on freestanding compilers.  */
| 
| #ifdef __STDC__
| # include <limits.h>
| #else
| # include <assert.h>
| #endif
| 
| #undef fseeko64
| 
| /* Override any GCC internal prototype to avoid an error.
|    Use char because int might match the return type of a GCC
|    builtin and then its argument prototype would still apply.  */
| #ifdef __cplusplus
| extern "C"
| #endif
| char fseeko64 ();
| /* The GNU C library defines this for functions which it implements
|     to always fail with ENOSYS.  Some functions are actually named
|     something starting with __ and the normal name is an alias.  */
| #if defined __stub_fseeko64 || defined __stub___fseeko64
| choke me
| #endif
| 
| int
| main ()
| {
| return fseeko64 ();
|   ;
|   return 0;
| }
configure:14769: result: no
configure:14769: checking for fopen64
configure:14769: gcc -o conftest -g -O2         conftest.c  >&5
Undefined symbols for architecture x86_64:
  "_fopen64", referenced from:
      _main in conftest-3dbb27.o
ld: symbol(s) not found for architecture x86_64
clang: error: linker command failed with exit code 1 (use -v to see invocation)
configure:14769: $? = 1
configure: failed program was:
| /* confdefs.h */
| #define PACKAGE_NAME "bfd"
| #define PACKAGE_TARNAME "bfd"
| #define PACKAGE_VERSION "2.38"
| #define PACKAGE_STRING "bfd 2.38"
| #define PACKAGE_BUGREPORT ""
| #define PACKAGE_URL ""
| #define PACKAGE "bfd"
| #define VERSION "2.38"
| #define STDC_HEADERS 1
| #define HAVE_SYS_TYPES_H 1
| #define HAVE_SYS_STAT_H 1
| #define HAVE_STDLIB_H 1
| #define HAVE_STRING_H 1
| #define HAVE_MEMORY_H 1
| #define HAVE_STRINGS_H 1
| #define HAVE_INTTYPES_H 1
| #define HAVE_STDINT_H 1
| #define HAVE_UNISTD_H 1
| #define __EXTENSIONS__ 1
| #define _ALL_SOURCE 1
| #define _GNU_SOURCE 1
| #define _POSIX_PTHREAD_SEMANTICS 1
| #define _TANDEM_SOURCE 1
| #define HAVE_DLFCN_H 1
| #define LT_OBJDIR ".libs/"
| #define HAVE_DLFCN_H 1
| #define SIZEOF_VOID_P 8
| #define USE_SECUREPLT 1
| #define DEFAULT_LD_Z_SEPARATE_CODE 0
| #define ENABLE_NLS 1
| #define SIZEOF_LONG_LONG 8
| #define SIZEOF_VOID_P 8
| #define SIZEOF_LONG 8
| #define SIZEOF_INT 4
| #define HAVE_FCNTL_H 1
| #define HAVE_SYS_FILE_H 1
| #define HAVE_SYS_RESOURCE_H 1
| #define HAVE_SYS_STAT_H 1
| #define HAVE_SYS_TYPES_H 1
| #define HAVE_UNISTD_H 1
| #define HAVE_FCNTL 1
| #define HAVE_FDOPEN 1
| #define HAVE_FILENO 1
| #define HAVE_FLS 1
| #define HAVE_GETGID 1
| #define HAVE_GETPAGESIZE 1
| #define HAVE_GETRLIMIT 1
| #define HAVE_GETUID 1
| #define HAVE_SYSCONF 1
| #define HAVE_DECL_BASENAME 0
| #define HAVE_DECL_FFS 1
| #define HAVE_DECL_STPCPY 1
| #define HAVE_DECL_ASPRINTF 1
| #define HAVE_DECL_VASPRINTF 1
| #define HAVE_DECL_STRNLEN 1
| #define HAVE_HIDDEN 1
| #define _STRUCTURED_PROC 1
| #define HAVE_FTELLO 1
| #define HAVE_FSEEKO 1
| /* end confdefs.h.  */
| /* Define fopen64 to an innocuous variant, in case <limits.h> declares fopen64.
|    For example, HP-UX 11i <limits.h> declares gettimeofday.  */
| #define fopen64 innocuous_fopen64
| 
| /* System header to define __stub macros and hopefully few prototypes,
|     which can conflict with char fopen64 (); below.
|     Prefer <limits.h> to <assert.h> if __STDC__ is defined, since
|     <limits.h> exists even on freestanding compilers.  */
| 
| #ifdef __STDC__
| # include <limits.h>
| #else
| # include <assert.h>
| #endif
| 
| #undef fopen64
| 
| /* Override any GCC internal prototype to avoid an error.
|    Use char because int might match the return type of a GCC
|    builtin and then its argument prototype would still apply.  */
| #ifdef __cplusplus
| extern "C"
| #endif
| char fopen64 ();
| /* The GNU C library defines this for functions which it implements
|     to always fail with ENOSYS.  Some functions are actually named
|     something starting with __ and the normal name is an alias.  */
| #if defined __stub_fopen64 || defined __stub___fopen64
| choke me
| #endif
| 
| int
| main ()
| {
| return fopen64 ();
|   ;
|   return 0;
| }
configure:14769: result: no
configure:14778: checking whether ftello is declared
configure:14778: gcc -c -g -O2      conftest.c >&5
configure:14778: $? = 0
configure:14778: result: yes
configure:14788: checking whether ftello64 is declared
configure:14788: gcc -c -g -O2      conftest.c >&5
conftest.c:103:10: error: use of undeclared identifier 'ftello64'
  (void) ftello64;
         ^
1 error generated.
configure:14788: $? = 1
configure: failed program was:
| /* confdefs.h */
| #define PACKAGE_NAME "bfd"
| #define PACKAGE_TARNAME "bfd"
| #define PACKAGE_VERSION "2.38"
| #define PACKAGE_STRING "bfd 2.38"
| #define PACKAGE_BUGREPORT ""
| #define PACKAGE_URL ""
| #define PACKAGE "bfd"
| #define VERSION "2.38"
| #define STDC_HEADERS 1
| #define HAVE_SYS_TYPES_H 1
| #define HAVE_SYS_STAT_H 1
| #define HAVE_STDLIB_H 1
| #define HAVE_STRING_H 1
| #define HAVE_MEMORY_H 1
| #define HAVE_STRINGS_H 1
| #define HAVE_INTTYPES_H 1
| #define HAVE_STDINT_H 1
| #define HAVE_UNISTD_H 1
| #define __EXTENSIONS__ 1
| #define _ALL_SOURCE 1
| #define _GNU_SOURCE 1
| #define _POSIX_PTHREAD_SEMANTICS 1
| #define _TANDEM_SOURCE 1
| #define HAVE_DLFCN_H 1
| #define LT_OBJDIR ".libs/"
| #define HAVE_DLFCN_H 1
| #define SIZEOF_VOID_P 8
| #define USE_SECUREPLT 1
| #define DEFAULT_LD_Z_SEPARATE_CODE 0
| #define ENABLE_NLS 1
| #define SIZEOF_LONG_LONG 8
| #define SIZEOF_VOID_P 8
| #define SIZEOF_LONG 8
| #define SIZEOF_INT 4
| #define HAVE_FCNTL_H 1
| #define HAVE_SYS_FILE_H 1
| #define HAVE_SYS_RESOURCE_H 1
| #define HAVE_SYS_STAT_H 1
| #define HAVE_SYS_TYPES_H 1
| #define HAVE_UNISTD_H 1
| #define HAVE_FCNTL 1
| #define HAVE_FDOPEN 1
| #define HAVE_FILENO 1
| #define HAVE_FLS 1
| #define HAVE_GETGID 1
| #define HAVE_GETPAGESIZE 1
| #define HAVE_GETRLIMIT 1
| #define HAVE_GETUID 1
| #define HAVE_SYSCONF 1
| #define HAVE_DECL_BASENAME 0
| #define HAVE_DECL_FFS 1
| #define HAVE_DECL_STPCPY 1
| #define HAVE_DECL_ASPRINTF 1
| #define HAVE_DECL_VASPRINTF 1
| #define HAVE_DECL_STRNLEN 1
| #define HAVE_HIDDEN 1
| #define _STRUCTURED_PROC 1
| #define HAVE_FTELLO 1
| #define HAVE_FSEEKO 1
| #define HAVE_DECL_FTELLO 1
| /* end confdefs.h.  */
| #include <stdio.h>
| #ifdef HAVE_SYS_TYPES_H
| # include <sys/types.h>
| #endif
| #ifdef HAVE_SYS_STAT_H
| # include <sys/stat.h>
| #endif
| #ifdef STDC_HEADERS
| # include <stdlib.h>
| # include <stddef.h>
| #else
| # ifdef HAVE_STDLIB_H
| #  include <stdlib.h>
| # endif
| #endif
| #ifdef HAVE_STRING_H
| # if !defined STDC_HEADERS && defined HAVE_MEMORY_H
| #  include <memory.h>
| # endif
| # include <string.h>
| #endif
| #ifdef HAVE_STRINGS_H
| # include <strings.h>
| #endif
| #ifdef HAVE_INTTYPES_H
| # include <inttypes.h>
| #endif
| #ifdef HAVE_STDINT_H
| # include <stdint.h>
| #endif
| #ifdef HAVE_UNISTD_H
| # include <unistd.h>
| #endif
| int
| main ()
| {
| #ifndef ftello64
| #ifdef __cplusplus
|   (void) ftello64;
| #else
|   (void) ftello64;
| #endif
| #endif
| 
|   ;
|   return 0;
| }
configure:14788: result: no
configure:14798: checking whether fseeko is declared
configure:14798: gcc -c -g -O2      conftest.c >&5
configure:14798: $? = 0
configure:14798: result: yes
configure:14808: checking whether fseeko64 is declared
configure:14808: gcc -c -g -O2      conftest.c >&5
conftest.c:105:10: error: use of undeclared identifier 'fseeko64'
  (void) fseeko64;
         ^
1 error generated.
configure:14808: $? = 1
configure: failed program was:
| /* confdefs.h */
| #define PACKAGE_NAME "bfd"
| #define PACKAGE_TARNAME "bfd"
| #define PACKAGE_VERSION "2.38"
| #define PACKAGE_STRING "bfd 2.38"
| #define PACKAGE_BUGREPORT ""
| #define PACKAGE_URL ""
| #define PACKAGE "bfd"
| #define VERSION "2.38"
| #define STDC_HEADERS 1
| #define HAVE_SYS_TYPES_H 1
| #define HAVE_SYS_STAT_H 1
| #define HAVE_STDLIB_H 1
| #define HAVE_STRING_H 1
| #define HAVE_MEMORY_H 1
| #define HAVE_STRINGS_H 1
| #define HAVE_INTTYPES_H 1
| #define HAVE_STDINT_H 1
| #define HAVE_UNISTD_H 1
| #define __EXTENSIONS__ 1
| #define _ALL_SOURCE 1
| #define _GNU_SOURCE 1
| #define _POSIX_PTHREAD_SEMANTICS 1
| #define _TANDEM_SOURCE 1
| #define HAVE_DLFCN_H 1
| #define LT_OBJDIR ".libs/"
| #define HAVE_DLFCN_H 1
| #define SIZEOF_VOID_P 8
| #define USE_SECUREPLT 1
| #define DEFAULT_LD_Z_SEPARATE_CODE 0
| #define ENABLE_NLS 1
| #define SIZEOF_LONG_LONG 8
| #define SIZEOF_VOID_P 8
| #define SIZEOF_LONG 8
| #define SIZEOF_INT 4
| #define HAVE_FCNTL_H 1
| #define HAVE_SYS_FILE_H 1
| #define HAVE_SYS_RESOURCE_H 1
| #define HAVE_SYS_STAT_H 1
| #define HAVE_SYS_TYPES_H 1
| #define HAVE_UNISTD_H 1
| #define HAVE_FCNTL 1
| #define HAVE_FDOPEN 1
| #define HAVE_FILENO 1
| #define HAVE_FLS 1
| #define HAVE_GETGID 1
| #define HAVE_GETPAGESIZE 1
| #define HAVE_GETRLIMIT 1
| #define HAVE_GETUID 1
| #define HAVE_SYSCONF 1
| #define HAVE_DECL_BASENAME 0
| #define HAVE_DECL_FFS 1
| #define HAVE_DECL_STPCPY 1
| #define HAVE_DECL_ASPRINTF 1
| #define HAVE_DECL_VASPRINTF 1
| #define HAVE_DECL_STRNLEN 1
| #define HAVE_HIDDEN 1
| #define _STRUCTURED_PROC 1
| #define HAVE_FTELLO 1
| #define HAVE_FSEEKO 1
| #define HAVE_DECL_FTELLO 1
| #define HAVE_DECL_FTELLO64 0
| #define HAVE_DECL_FSEEKO 1
| /* end confdefs.h.  */
| #include <stdio.h>
| #ifdef HAVE_SYS_TYPES_H
| # include <sys/types.h>
| #endif
| #ifdef HAVE_SYS_STAT_H
| # include <sys/stat.h>
| #endif
| #ifdef STDC_HEADERS
| # include <stdlib.h>
| # include <stddef.h>
| #else
| # ifdef HAVE_STDLIB_H
| #  include <stdlib.h>
| # endif
| #endif
| #ifdef HAVE_STRING_H
| # if !defined STDC_HEADERS && defined HAVE_MEMORY_H
| #  include <memory.h>
| # endif
| # include <string.h>
| #endif
| #ifdef HAVE_STRINGS_H
| # include <strings.h>
| #endif
| #ifdef HAVE_INTTYPES_H
| # include <inttypes.h>
| #endif
| #ifdef HAVE_STDINT_H
| # include <stdint.h>
| #endif
| #ifdef HAVE_UNISTD_H
| # include <unistd.h>
| #endif
| int
| main ()
| {
| #ifndef fseeko64
| #ifdef __cplusplus
|   (void) fseeko64;
| #else
|   (void) fseeko64;
| #endif
| #endif
| 
|   ;
|   return 0;
| }
configure:14808: result: no
configure:14818: checking whether fopen64 is declared
configure:14818: gcc -c -g -O2      conftest.c >&5
conftest.c:106:10: error: use of undeclared identifier 'fopen64'
  (void) fopen64;
         ^
1 error generated.
configure:14818: $? = 1
configure: failed program was:
| /* confdefs.h */
| #define PACKAGE_NAME "bfd"
| #define PACKAGE_TARNAME "bfd"
| #define PACKAGE_VERSION "2.38"
| #define PACKAGE_STRING "bfd 2.38"
| #define PACKAGE_BUGREPORT ""
| #define PACKAGE_URL ""
| #define PACKAGE "bfd"
| #define VERSION "2.38"
| #define STDC_HEADERS 1
| #define HAVE_SYS_TYPES_H 1
| #define HAVE_SYS_STAT_H 1
| #define HAVE_STDLIB_H 1
| #define HAVE_STRING_H 1
| #define HAVE_MEMORY_H 1
| #define HAVE_STRINGS_H 1
| #define HAVE_INTTYPES_H 1
| #define HAVE_STDINT_H 1
| #define HAVE_UNISTD_H 1
| #define __EXTENSIONS__ 1
| #define _ALL_SOURCE 1
| #define _GNU_SOURCE 1
| #define _POSIX_PTHREAD_SEMANTICS 1
| #define _TANDEM_SOURCE 1
| #define HAVE_DLFCN_H 1
| #define LT_OBJDIR ".libs/"
| #define HAVE_DLFCN_H 1
| #define SIZEOF_VOID_P 8
| #define USE_SECUREPLT 1
| #define DEFAULT_LD_Z_SEPARATE_CODE 0
| #define ENABLE_NLS 1
| #define SIZEOF_LONG_LONG 8
| #define SIZEOF_VOID_P 8
| #define SIZEOF_LONG 8
| #define SIZEOF_INT 4
| #define HAVE_FCNTL_H 1
| #define HAVE_SYS_FILE_H 1
| #define HAVE_SYS_RESOURCE_H 1
| #define HAVE_SYS_STAT_H 1
| #define HAVE_SYS_TYPES_H 1
| #define HAVE_UNISTD_H 1
| #define HAVE_FCNTL 1
| #define HAVE_FDOPEN 1
| #define HAVE_FILENO 1
| #define HAVE_FLS 1
| #define HAVE_GETGID 1
| #define HAVE_GETPAGESIZE 1
| #define HAVE_GETRLIMIT 1
| #define HAVE_GETUID 1
| #define HAVE_SYSCONF 1
| #define HAVE_DECL_BASENAME 0
| #define HAVE_DECL_FFS 1
| #define HAVE_DECL_STPCPY 1
| #define HAVE_DECL_ASPRINTF 1
| #define HAVE_DECL_VASPRINTF 1
| #define HAVE_DECL_STRNLEN 1
| #define HAVE_HIDDEN 1
| #define _STRUCTURED_PROC 1
| #define HAVE_FTELLO 1
| #define HAVE_FSEEKO 1
| #define HAVE_DECL_FTELLO 1
| #define HAVE_DECL_FTELLO64 0
| #define HAVE_DECL_FSEEKO 1
| #define HAVE_DECL_FSEEKO64 0
| /* end confdefs.h.  */
| #include <stdio.h>
| #ifdef HAVE_SYS_TYPES_H
| # include <sys/types.h>
| #endif
| #ifdef HAVE_SYS_STAT_H
| # include <sys/stat.h>
| #endif
| #ifdef STDC_HEADERS
| # include <stdlib.h>
| # include <stddef.h>
| #else
| # ifdef HAVE_STDLIB_H
| #  include <stdlib.h>
| # endif
| #endif
| #ifdef HAVE_STRING_H
| # if !defined STDC_HEADERS && defined HAVE_MEMORY_H
| #  include <memory.h>
| # endif
| # include <string.h>
| #endif
| #ifdef HAVE_STRINGS_H
| # include <strings.h>
| #endif
| #ifdef HAVE_INTTYPES_H
| # include <inttypes.h>
| #endif
| #ifdef HAVE_STDINT_H
| # include <stdint.h>
| #endif
| #ifdef HAVE_UNISTD_H
| # include <unistd.h>
| #endif
| int
| main ()
| {
| #ifndef fopen64
| #ifdef __cplusplus
|   (void) fopen64;
| #else
|   (void) fopen64;
| #endif
| #endif
| 
|   ;
|   return 0;
| }
configure:14818: result: no
configure:14834: checking size of off_t
configure:14839: gcc -o conftest -g -O2         conftest.c  >&5
configure:14839: $? = 0
configure:14839: ./conftest
configure:14839: $? = 0
configure:14853: result: 8
configure:14864: checking file_ptr type
configure:14873: result: BFD_HOST_64_BIT
configure:14884: checking for stdlib.h
configure:14884: result: yes
configure:14884: checking for unistd.h
configure:14884: result: yes
configure:14884: checking for sys/param.h
configure:14884: gcc -c -g -O2      conftest.c >&5
configure:14884: $? = 0
configure:14884: result: yes
configure:14904: checking for getpagesize
configure:14904: result: yes
configure:14913: checking for working mmap
configure:15060: gcc -o conftest -g -O2         conftest.c  >&5
configure:15060: $? = 0
configure:15060: ./conftest
configure:15060: $? = 0
configure:15070: result: yes
configure:15082: checking for madvise
configure:15082: gcc -o conftest -g -O2         conftest.c  >&5
configure:15082: $? = 0
configure:15082: result: yes
configure:15082: checking for mprotect
configure:15082: gcc -o conftest -g -O2         conftest.c  >&5
configure:15082: $? = 0
configure:15082: result: yes
configure:15174: updating cache ./config.cache
configure:15218: checking that generated files are newer than configure
configure:15224: result: done
configure:15267: creating ./config.status

## ---------------------- ##
## Running config.status. ##
## ---------------------- ##

This file was extended by bfd config.status 2.38, which was
generated by GNU Autoconf 2.69.  Invocation command line was

  CONFIG_FILES    = 
  CONFIG_HEADERS  = 
  CONFIG_LINKS    = 
  CONFIG_COMMANDS = 
  $ ./config.status 

on hacks-Mac-mini.local

config.status:1204: creating Makefile
config.status:1204: creating doc/Makefile
config.status:1204: creating bfd-in3.h
config.status:1204: creating po/Makefile.in
config.status:1204: creating config.h
config.status:1433: executing depfiles commands
config.status:1433: executing libtool commands
config.status:1433: executing default-1 commands
config.status:1433: executing default commands

## ---------------- ##
## Cache variables. ##
## ---------------- ##

ac_cv_build=x86_64-apple-darwin21.4.0
ac_cv_c_compiler_gnu=yes
ac_cv_env_CC_set=set
ac_cv_env_CC_value=gcc
ac_cv_env_CFLAGS_set=set
ac_cv_env_CFLAGS_value='-g -O2    '
ac_cv_env_CPPFLAGS_set=
ac_cv_env_CPPFLAGS_value=
ac_cv_env_CPP_set=
ac_cv_env_CPP_value=
ac_cv_env_LDFLAGS_set=set
ac_cv_env_LDFLAGS_value='  '
ac_cv_env_LIBS_set=
ac_cv_env_LIBS_value=
ac_cv_env_build_alias_set=set
ac_cv_env_build_alias_value=x86_64-apple-darwin21.4.0
ac_cv_env_host_alias_set=set
ac_cv_env_host_alias_value=x86_64-apple-darwin21.4.0
ac_cv_env_target_alias_set=set
ac_cv_env_target_alias_value=x86_64-apple-darwin21.4.0
ac_cv_func_fcntl=yes
ac_cv_func_fdopen=yes
ac_cv_func_fileno=yes
ac_cv_func_fls=yes
ac_cv_func_fopen64=no
ac_cv_func_fseeko64=no
ac_cv_func_fseeko=yes
ac_cv_func_ftello64=no
ac_cv_func_ftello=yes
ac_cv_func_getgid=yes
ac_cv_func_getpagesize=yes
ac_cv_func_getrlimit=yes
ac_cv_func_getuid=yes
ac_cv_func_madvise=yes
ac_cv_func_mmap_fixed_mapped=yes
ac_cv_func_mprotect=yes
ac_cv_func_sysconf=yes
ac_cv_have_decl_asprintf=yes
ac_cv_have_decl_basename=no
ac_cv_have_decl_ffs=yes
ac_cv_have_decl_fopen64=no
ac_cv_have_decl_fseeko64=no
ac_cv_have_decl_fseeko=yes
ac_cv_have_decl_ftello64=no
ac_cv_have_decl_ftello=yes
ac_cv_have_decl_stpcpy=yes
ac_cv_have_decl_strnlen=yes
ac_cv_have_decl_vasprintf=yes
ac_cv_header_dlfcn_h=yes
ac_cv_header_fcntl_h=yes
ac_cv_header_inttypes_h=yes
ac_cv_header_memory_h=yes
ac_cv_header_minix_config_h=no
ac_cv_header_stdc=yes
ac_cv_header_stdint_h=yes
ac_cv_header_stdlib_h=yes
ac_cv_header_string_h=yes
ac_cv_header_strings_h=yes
ac_cv_header_sys_file_h=yes
ac_cv_header_sys_param_h=yes
ac_cv_header_sys_procfs_h=no
ac_cv_header_sys_resource_h=yes
ac_cv_header_sys_stat_h=yes
ac_cv_header_sys_types_h=yes
ac_cv_header_unistd_h=yes
ac_cv_header_windows_h=no
ac_cv_host=x86_64-apple-darwin21.4.0
ac_cv_lib_dl_dlopen=yes
ac_cv_objext=o
ac_cv_path_EGREP='/usr/bin/grep -E'
ac_cv_path_FGREP='/usr/bin/grep -F'
ac_cv_path_GMSGFMT=:
ac_cv_path_GREP=/usr/bin/grep
ac_cv_path_MSGFMT=:
ac_cv_path_MSGMERGE=:
ac_cv_path_SED=/usr/bin/sed
ac_cv_path_XGETTEXT=:
ac_cv_prog_AR='ar '
ac_cv_prog_AWK=awk
ac_cv_prog_CC=gcc
ac_cv_prog_CPP='gcc -E'
ac_cv_prog_DSYMUTIL=@DSYMUTIL@
ac_cv_prog_OBJDUMP=objdump
ac_cv_prog_OTOOL=@OTOOL@
ac_cv_prog_RANLIB='ranlib '
ac_cv_prog_ac_ct_LIPO=lipo
ac_cv_prog_ac_ct_NMEDIT=nmedit
ac_cv_prog_ac_ct_STRIP=strip
ac_cv_prog_cc_c89=
ac_cv_prog_cc_g=yes
ac_cv_prog_make__Applications_Xcode_app_Contents_Developer_usr_bin_make_set=yes
ac_cv_safe_to_define___extensions__=yes
ac_cv_search_dlsym='none required'
ac_cv_sizeof_int=4
ac_cv_sizeof_long=8
ac_cv_sizeof_long_long=8
ac_cv_sizeof_off_t=8
ac_cv_sizeof_void_p=8
ac_cv_sys_file_offset_bits=no
ac_cv_sys_largefile_CC=no
ac_cv_target=x86_64-apple-darwin21.4.0
am_cv_CC_dependencies_compiler_type=gcc3
am_cv_make_support_nested_variables=yes
am_cv_prog_cc_c_o=yes
bfd_cv_hidden=yes
bfd_cv_ld_as_needed=no
lt_cv_apple_cc_single_mod=yes
lt_cv_deplibs_check_method=pass_all
lt_cv_dlopen=dlopen
lt_cv_dlopen_libs=-ldl
lt_cv_dlopen_self=yes
lt_cv_dlopen_self_static=yes
lt_cv_file_magic_cmd='$MAGIC_CMD'
lt_cv_file_magic_test_file=
lt_cv_ld_exported_symbols_list=yes
lt_cv_ld_force_load=no
lt_cv_ld_reload_flag=-r
lt_cv_nm_interface='BSD nm'
lt_cv_objdir=.libs
lt_cv_path_LD=/Applications/Xcode.app/Contents/Developer/Toolchains/XcodeDefault.xctoolchain/usr/bin/ld
lt_cv_path_NM=/usr/bin/nm
lt_cv_prog_compiler_c_o=yes
lt_cv_prog_compiler_pic_works=yes
lt_cv_prog_compiler_rtti_exceptions=yes
lt_cv_prog_compiler_static_works=no
lt_cv_prog_gnu_ld=no
lt_cv_sys_global_symbol_pipe='sed -n -e '\''s/^.*[	 ]\([ABCDGIRSTW][ABCDGIRSTW]*\)[	 ][	 ]*_\([_A-Za-z][_A-Za-z0-9]*\)$/\1 _\2 \2/p'\'''
lt_cv_sys_global_symbol_to_c_name_address='sed -n -e '\''s/^: \([^ ]*\) $/  {\"\1\", (void *) 0},/p'\'' -e '\''s/^[ABCDGIRSTW]* \([^ ]*\) \([^ ]*\)$/  {"\2", (void *) \&\2},/p'\'''
lt_cv_sys_global_symbol_to_c_name_address_lib_prefix='sed -n -e '\''s/^: \([^ ]*\) $/  {\"\1\", (void *) 0},/p'\'' -e '\''s/^[ABCDGIRSTW]* \([^ ]*\) \(lib[^ ]*\)$/  {"\2", (void *) \&\2},/p'\'' -e '\''s/^[ABCDGIRSTW]* \([^ ]*\) \([^ ]*\)$/  {"lib\2", (void *) \&\2},/p'\'''
lt_cv_sys_global_symbol_to_cdecl='sed -n -e '\''s/^T .* \(.*\)$/extern int \1();/p'\'' -e '\''s/^[ABCDGIRSTW]* .* \(.*\)$/extern char \1;/p'\'''
lt_cv_sys_max_cmd_len=786432

## ----------------- ##
## Output variables. ##
## ----------------- ##

ACLOCAL='${SHELL} /Users/hack/binutils-2.38/missing aclocal-1.15'
AMDEPBACKSLASH='\'
AMDEP_FALSE='#'
AMDEP_TRUE=''
AMTAR='$${TAR-tar}'
AM_BACKSLASH='\'
AM_DEFAULT_V='$(AM_DEFAULT_VERBOSITY)'
AM_DEFAULT_VERBOSITY='0'
AM_V='$(V)'
AR='ar '
AUTOCONF='${SHELL} /Users/hack/binutils-2.38/missing autoconf'
AUTOHEADER='${SHELL} /Users/hack/binutils-2.38/missing autoheader'
AUTOMAKE='${SHELL} /Users/hack/binutils-2.38/missing automake-1.15'
AWK='awk'
BFD_HOSTPTR_T='unsigned long'
BFD_HOST_64BIT_LONG='1'
BFD_HOST_64BIT_LONG_LONG='0'
BFD_HOST_64_BIT='long'
BFD_HOST_64_BIT_DEFINED='1'
BFD_HOST_U_64_BIT='unsigned long'
CATALOGS=' da.gmo es.gmo fi.gmo fr.gmo hr.gmo id.gmo ja.gmo pt.gmo ro.gmo ru.gmo rw.gmo sr.gmo sv.gmo tr.gmo uk.gmo vi.gmo zh_CN.gmo da.gmo es.gmo fi.gmo fr.gmo hr.gmo id.gmo ja.gmo pt.gmo ro.gmo ru.gmo rw.gmo sr.gmo sv.gmo tr.gmo uk.gmo vi.gmo zh_CN.gmo'
CATOBJEXT='.gmo'
CC='gcc'
CCDEPMODE='depmode=gcc3'
CC_FOR_BUILD='gcc'
CFLAGS='-g -O2    '
COREFILE=''
COREFLAG=''
CPP='gcc -E'
CPPFLAGS=''
CYGPATH_W='echo'
DATADIRNAME='share'
DEBUGDIR='${exec_prefix}/lib/debug'
DEFS='-DHAVE_CONFIG_H'
DEPDIR='.deps'
DSYMUTIL='@DSYMUTIL@'
DUMPBIN=''
ECHO_C='\c'
ECHO_N=''
ECHO_T=''
EGREP='/usr/bin/grep -E'
ENABLE_BFD_64_BIT_FALSE='#'
ENABLE_BFD_64_BIT_TRUE=''
EXEEXT=''
EXEEXT_FOR_BUILD='$(EXEEXT)'
FGREP='/usr/bin/grep -F'
GENCAT='gencat'
GENINSRC_NEVER_FALSE=''
GENINSRC_NEVER_TRUE='#'
GMSGFMT=':'
GREP='/usr/bin/grep'
HDEFINES=''
INCINTL='-I${top_builddir}/../intl'
INSTALL_DATA='/usr/bin/install -c -m 644'
INSTALL_LIBBFD_FALSE='#'
INSTALL_LIBBFD_TRUE=''
INSTALL_PROGRAM='/usr/bin/install -c'
INSTALL_SCRIPT='/usr/bin/install -c'
INSTALL_STRIP_PROGRAM='$(install_sh) -c -s'
INSTOBJEXT='.mo'
LARGEFILE_CPPFLAGS=''
LD='/Applications/Xcode.app/Contents/Developer/Toolchains/XcodeDefault.xctoolchain/usr/bin/ld'
LDFLAGS='  '
LIBINTL='-L${top_builddir}/../intl -lintl -liconv'
LIBINTL_DEP='${top_builddir}/../intl/libintl.a'
LIBM=''
LIBOBJS=''
LIBS=''
LIBTOOL='$(SHELL) $(top_builddir)/libtool'
LIPO='lipo'
LN_S='ln -s'
LTLIBOBJS=''
MAINT='#'
MAINTAINER_MODE_FALSE=''
MAINTAINER_MODE_TRUE='#'
MAKEINFO='makeinfo --split-size=5000000'
MKDIR_P='./../install-sh -c -d'
MKINSTALLDIRS='$(top_builddir)/./../mkinstalldirs'
MSGFMT=':'
MSGMERGE=':'
NM='/usr/bin/nm'
NMEDIT='nmedit'
NO_WERROR=''
OBJDUMP='objdump'
OBJEXT='o'
OTOOL64=':'
OTOOL='@OTOOL@'
PACKAGE='bfd'
PACKAGE_BUGREPORT=''
PACKAGE_NAME='bfd'
PACKAGE_STRING='bfd 2.38'
PACKAGE_TARNAME='bfd'
PACKAGE_URL=''
PACKAGE_VERSION='2.38'
PATH_SEPARATOR=':'
PKGVERSION='(GNU Binutils) '
PLUGINS_FALSE='#'
PLUGINS_TRUE=''
POSUB='po'
RANLIB='ranlib '
REPORT_BUGS_TEXI='@uref{https://sourceware.org/bugzilla/}'
REPORT_BUGS_TO='<https://sourceware.org/bugzilla/>'
SED='/usr/bin/sed'
SET_MAKE=''
SHARED_LDFLAGS=''
SHARED_LIBADD=' -L${top_builddir}/../intl -lintl -liconv'
SHELL='/bin/sh'
STRIP='strip'
TDEFINES=' '
USE_NLS='yes'
VERSION='2.38'
WARN_CFLAGS='-W -Wall -Wstrict-prototypes -Wmissing-prototypes -Wshadow'
WARN_CFLAGS_FOR_BUILD='-W -Wall -Wstrict-prototypes -Wmissing-prototypes -Wshadow -Wstack-usage=262144'
WARN_WRITE_STRINGS='-Wwrite-strings'
XGETTEXT=':'
ac_ct_CC=''
ac_ct_DUMPBIN=''
all_backends='$(BFD64_BACKENDS) $(BFD32_BACKENDS)'
am__EXEEXT_FALSE=''
am__EXEEXT_TRUE='#'
am__fastdepCC_FALSE='#'
am__fastdepCC_TRUE=''
am__include='include'
am__isrc=''
am__leading_dot='.'
am__nodep='_no'
am__quote=''
am__tar='$${TAR-tar} chof - "$$tardir"'
am__untar='$${TAR-tar} xf -'
bfd64_libs='$(BFD64_LIBS)'
bfd_backends=' mach-o-x86-64.lo mach-o-i386.lo mach-o.lo dwarf2.lo pef.lo xsym.lo plugin.lo'
bfd_default_target_size='32'
bfd_file_ptr='BFD_HOST_64_BIT'
bfd_machines=' cpu-i386.lo cpu-powerpc.lo cpu-rs6000.lo'
bfd_ufile_ptr='BFD_HOST_U_64_BIT'
bfdincludedir='$(includedir)'
bfdlibdir='$(libdir)'
bindir='${exec_prefix}/bin'
build='x86_64-apple-darwin21.4.0'
build_alias='x86_64-apple-darwin21.4.0'
build_cpu='x86_64'
build_os='darwin21.4.0'
build_vendor='apple'
datadir='${datarootdir}'
datarootdir='${prefix}/share'
docdir='${datarootdir}/doc/${PACKAGE_TARNAME}'
dvidir='${docdir}'
exec_prefix='${prefix}'
havevecs='-DHAVE_x86_64_mach_o_vec -DHAVE_i386_mach_o_vec -DHAVE_mach_o_le_vec -DHAVE_mach_o_be_vec -DHAVE_mach_o_fat_vec -DHAVE_pef_vec -DHAVE_pef_xlib_vec -DHAVE_sym_vec'
host='x86_64-apple-darwin21.4.0'
host_alias='x86_64-apple-darwin21.4.0'
host_cpu='x86_64'
host_noncanonical='x86_64-apple-darwin21.4.0'
host_os='darwin21.4.0'
host_vendor='apple'
htmldir='${docdir}'
includedir='${prefix}/include'
infodir='${datarootdir}/info'
install_sh='${SHELL} /Users/hack/binutils-2.38/install-sh'
libdir='${exec_prefix}/lib'
libexecdir='${exec_prefix}/libexec'
localedir='${datarootdir}/locale'
localstatedir='${prefix}/var'
lt_cv_dlopen_libs='-ldl'
mandir='${datarootdir}/man'
mkdir_p='$(MKDIR_P)'
oldincludedir='/usr/include'
pdfdir='${docdir}'
prefix='/usr/local'
program_transform_name='s,y,y,'
psdir='${docdir}'
sbindir='${exec_prefix}/sbin'
sharedstatedir='${prefix}/com'
supports_plugins='1'
sysconfdir='${prefix}/etc'
target='x86_64-apple-darwin21.4.0'
target_alias='x86_64-apple-darwin21.4.0'
target_cpu='x86_64'
target_noncanonical='x86_64-apple-darwin21.4.0'
target_os='darwin21.4.0'
target_vendor='apple'
tdefaults=' -DDEFAULT_VECTOR=x86_64_mach_o_vec -DSELECT_VECS='\''&x86_64_mach_o_vec,&i386_mach_o_vec,&mach_o_le_vec,&mach_o_be_vec,&mach_o_fat_vec,&pef_vec,&pef_xlib_vec,&sym_vec'\'' -DSELECT_ARCHITECTURES='\''&bfd_i386_arch,&bfd_powerpc_arch,&bfd_rs6000_arch'\'''
wordsize='64'
zlibdir='-L$(top_builddir)/../zlib'
zlibinc='-I$(top_srcdir)/../zlib'

## ----------- ##
## confdefs.h. ##
## ----------- ##

/* confdefs.h */
#define PACKAGE_NAME "bfd"
#define PACKAGE_TARNAME "bfd"
#define PACKAGE_VERSION "2.38"
#define PACKAGE_STRING "bfd 2.38"
#define PACKAGE_BUGREPORT ""
#define PACKAGE_URL ""
#define PACKAGE "bfd"
#define VERSION "2.38"
#define STDC_HEADERS 1
#define HAVE_SYS_TYPES_H 1
#define HAVE_SYS_STAT_H 1
#define HAVE_STDLIB_H 1
#define HAVE_STRING_H 1
#define HAVE_MEMORY_H 1
#define HAVE_STRINGS_H 1
#define HAVE_INTTYPES_H 1
#define HAVE_STDINT_H 1
#define HAVE_UNISTD_H 1
#define __EXTENSIONS__ 1
#define _ALL_SOURCE 1
#define _GNU_SOURCE 1
#define _POSIX_PTHREAD_SEMANTICS 1
#define _TANDEM_SOURCE 1
#define HAVE_DLFCN_H 1
#define LT_OBJDIR ".libs/"
#define HAVE_DLFCN_H 1
#define SIZEOF_VOID_P 8
#define USE_SECUREPLT 1
#define DEFAULT_LD_Z_SEPARATE_CODE 0
#define ENABLE_NLS 1
#define SIZEOF_LONG_LONG 8
#define SIZEOF_VOID_P 8
#define SIZEOF_LONG 8
#define SIZEOF_INT 4
#define HAVE_FCNTL_H 1
#define HAVE_SYS_FILE_H 1
#define HAVE_SYS_RESOURCE_H 1
#define HAVE_SYS_STAT_H 1
#define HAVE_SYS_TYPES_H 1
#define HAVE_UNISTD_H 1
#define HAVE_FCNTL 1
#define HAVE_FDOPEN 1
#define HAVE_FILENO 1
#define HAVE_FLS 1
#define HAVE_GETGID 1
#define HAVE_GETPAGESIZE 1
#define HAVE_GETRLIMIT 1
#define HAVE_GETUID 1
#define HAVE_SYSCONF 1
#define HAVE_DECL_BASENAME 0
#define HAVE_DECL_FFS 1
#define HAVE_DECL_STPCPY 1
#define HAVE_DECL_ASPRINTF 1
#define HAVE_DECL_VASPRINTF 1
#define HAVE_DECL_STRNLEN 1
#define HAVE_HIDDEN 1
#define _STRUCTURED_PROC 1
#define HAVE_FTELLO 1
#define HAVE_FSEEKO 1
#define HAVE_DECL_FTELLO 1
#define HAVE_DECL_FTELLO64 0
#define HAVE_DECL_FSEEKO 1
#define HAVE_DECL_FSEEKO64 0
#define HAVE_DECL_FOPEN64 0
#define SIZEOF_OFF_T 8
#define HAVE_STDLIB_H 1
#define HAVE_UNISTD_H 1
#define HAVE_SYS_PARAM_H 1
#define HAVE_GETPAGESIZE 1
#define HAVE_MMAP 1
#define HAVE_MADVISE 1
#define HAVE_MPROTECT 1

configure: exit 0

## ---------------------- ##
## Running config.status. ##
## ---------------------- ##

This file was extended by bfd config.status 2.38, which was
generated by GNU Autoconf 2.69.  Invocation command line was

  CONFIG_FILES    = po/Makefile.in:po/Make-in
  CONFIG_HEADERS  = 
  CONFIG_LINKS    = 
  CONFIG_COMMANDS = 
  $ ./config.status 

on hacks-Mac-mini.local

config.status:1204: creating po/Makefile.in
config.status:1433: executing depfiles commands
config.status:1433: executing libtool commands
config.status:1433: executing default-1 commands
config.status:1433: executing default commands
