This file contains any messages produced by compilers while
running configure, to aid debugging if configure makes a mistake.

It was created by etc configure 0, which was
generated by GNU Autoconf 2.69.  Invocation command line was

  $ /Users/hack/binutils-2.38/etc/configure --srcdir=.././etc --cache-file=./config.cache --disable-unit-tests --program-transform-name=s,y,y, --disable-option-checking --build=x86_64-apple-darwin21.4.0 --host=x86_64-apple-darwin21.4.0 --target=x86_64-apple-darwin21.4.0

## --------- ##
## Platform. ##
## --------- ##

hostname = hacks-Mac-mini.local
uname -m = x86_64
uname -r = 21.4.0
uname -s = Darwin
uname -v = Darwin Kernel Version 21.4.0: Fri Mar 18 00:45:05 PDT 2022; root:xnu-8020.101.4~15/RELEASE_X86_64

/usr/bin/uname -p = i386
/bin/uname -X     = unknown

/bin/arch              = unknown
/usr/bin/arch -k       = unknown
/usr/convex/getsysinfo = unknown
/usr/bin/hostinfo      = Mach kernel version:
	 Darwin Kernel Version 21.4.0: Fri Mar 18 00:45:05 PDT 2022; root:xnu-8020.101.4~15/RELEASE_X86_64
Kernel configured for up to 4 processors.
2 processors are physically available.
4 processors are logically available.
Processor type: x86_64h (Intel x86-64h Haswell)
Processors active: 0 1 2 3
Primary memory available: 8.00 gigabytes
Default processor set: 421 tasks, 2036 threads, 4 processors
Load average: 2.32, Mach factor: 1.78
/bin/machine           = unknown
/usr/bin/oslevel       = unknown
/bin/universe          = unknown

PATH: /Users/hack/.pyenv/plugins/pyenv-virtualenv/shims
PATH: /Users/hack/.pyenv/shims
PATH: /usr/local/bin
PATH: /usr/bin
PATH: /bin
PATH: /usr/sbin
PATH: /sbin
PATH: /Applications/VMware Fusion.app/Contents/Public
PATH: /Library/Apple/usr/bin
PATH: /Users/hack/flutter/bin


## ----------- ##
## Core tests. ##
## ----------- ##

configure:1638: creating cache ./config.cache
configure:1716: checking whether to enable maintainer-specific portions of Makefiles
configure:1725: result: no
configure:1783: checking for a BSD-compatible install
configure:1851: result: /usr/bin/install -c
configure:1862: checking whether build environment is sane
configure:1917: result: yes
configure:2068: checking for a thread-safe mkdir -p
configure:2107: result: ./../install-sh -c -d
configure:2114: checking for gawk
configure:2141: result: awk
configure:2152: checking whether /Applications/Xcode.app/Contents/Developer/usr/bin/make sets $(MAKE)
configure:2174: result: yes
configure:2203: checking whether /Applications/Xcode.app/Contents/Developer/usr/bin/make supports nested variables
configure:2220: result: yes
configure:2357: checking whether /Applications/Xcode.app/Contents/Developer/usr/bin/make supports nested variables
configure:2374: result: yes
configure:2453: updating cache ./config.cache
configure:2537: checking that generated files are newer than configure
configure:2543: result: done
configure:2551: creating ./config.status

## ---------------------- ##
## Running config.status. ##
## ---------------------- ##

This file was extended by etc config.status 0, which was
generated by GNU Autoconf 2.69.  Invocation command line was

  CONFIG_FILES    = 
  CONFIG_HEADERS  = 
  CONFIG_LINKS    = 
  CONFIG_COMMANDS = 
  $ ./config.status 

on hacks-Mac-mini.local

config.status:745: creating Makefile

## ---------------- ##
## Cache variables. ##
## ---------------- ##

ac_cv_env_build_alias_set=set
ac_cv_env_build_alias_value=x86_64-apple-darwin21.4.0
ac_cv_env_host_alias_set=set
ac_cv_env_host_alias_value=x86_64-apple-darwin21.4.0
ac_cv_env_target_alias_set=set
ac_cv_env_target_alias_value=x86_64-apple-darwin21.4.0
ac_cv_prog_AWK=awk
ac_cv_prog_make__Applications_Xcode_app_Contents_Developer_usr_bin_make_set=yes
am_cv_make_support_nested_variables=yes

## ----------------- ##
## Output variables. ##
## ----------------- ##

ACLOCAL='${SHELL} /Users/hack/binutils-2.38/missing aclocal-1.15'
AMTAR='$${TAR-tar}'
AM_BACKSLASH='\'
AM_DEFAULT_V='$(AM_DEFAULT_VERBOSITY)'
AM_DEFAULT_VERBOSITY='0'
AM_V='$(V)'
AUTOCONF='${SHELL} /Users/hack/binutils-2.38/missing autoconf'
AUTOHEADER='${SHELL} /Users/hack/binutils-2.38/missing autoheader'
AUTOMAKE='${SHELL} /Users/hack/binutils-2.38/missing automake-1.15'
AWK='awk'
CYGPATH_W='echo'
DEFS='-DPACKAGE_NAME=\"etc\" -DPACKAGE_TARNAME=\"etc\" -DPACKAGE_VERSION=\"0\" -DPACKAGE_STRING=\"etc\ 0\" -DPACKAGE_BUGREPORT=\"\" -DPACKAGE_URL=\"\" -DPACKAGE=\"etc\" -DVERSION=\"0\"'
ECHO_C='\c'
ECHO_N=''
ECHO_T=''
INSTALL_DATA='/usr/bin/install -c -m 644'
INSTALL_PROGRAM='/usr/bin/install -c'
INSTALL_SCRIPT='/usr/bin/install -c'
INSTALL_STRIP_PROGRAM='$(install_sh) -c -s'
LIBOBJS=''
LIBS=''
LTLIBOBJS=''
MAINT='#'
MAINTAINER_MODE_FALSE=''
MAINTAINER_MODE_TRUE='#'
MAKEINFO='makeinfo --split-size=5000000'
MKDIR_P='./../install-sh -c -d'
PACKAGE='etc'
PACKAGE_BUGREPORT=''
PACKAGE_NAME='etc'
PACKAGE_STRING='etc 0'
PACKAGE_TARNAME='etc'
PACKAGE_URL=''
PACKAGE_VERSION='0'
PATH_SEPARATOR=':'
SET_MAKE=''
SHELL='/bin/sh'
STRIP=''
VERSION='0'
am__isrc=''
am__leading_dot='.'
am__tar='$${TAR-tar} chof - "$$tardir"'
am__untar='$${TAR-tar} xf -'
bindir='${exec_prefix}/bin'
build_alias='x86_64-apple-darwin21.4.0'
datadir='${datarootdir}'
datarootdir='${prefix}/share'
docdir='${datarootdir}/doc/${PACKAGE_TARNAME}'
dvidir='${docdir}'
exec_prefix='${prefix}'
host_alias='x86_64-apple-darwin21.4.0'
htmldir='${docdir}'
includedir='${prefix}/include'
infodir='${datarootdir}/info'
install_sh='${SHELL} /Users/hack/binutils-2.38/install-sh'
libdir='${exec_prefix}/lib'
libexecdir='${exec_prefix}/libexec'
localedir='${datarootdir}/locale'
localstatedir='${prefix}/var'
mandir='${datarootdir}/man'
mkdir_p='$(MKDIR_P)'
oldincludedir='/usr/include'
pdfdir='${docdir}'
prefix='/usr/local'
program_transform_name='s,y,y,'
psdir='${docdir}'
sbindir='${exec_prefix}/sbin'
sharedstatedir='${prefix}/com'
sysconfdir='${prefix}/etc'
target_alias='x86_64-apple-darwin21.4.0'

## ----------- ##
## confdefs.h. ##
## ----------- ##

/* confdefs.h */
#define PACKAGE_NAME "etc"
#define PACKAGE_TARNAME "etc"
#define PACKAGE_VERSION "0"
#define PACKAGE_STRING "etc 0"
#define PACKAGE_BUGREPORT ""
#define PACKAGE_URL ""
#define PACKAGE "etc"
#define VERSION "0"

configure: exit 0
